[0.452s] Invoking command in '/root/F1Tenth-Labs/lab2/lab2_ws/src/safety_node': PYTHONPATH=/root/F1Tenth-Labs/lab2/lab2_ws/build/safety_node/prefix_override:/root/F1Tenth-Labs/lab2/lab2_ws/install/safety_node/lib/python3.8/site-packages:${PYTHONPATH} /usr/bin/python3 setup.py egg_info --egg-base ../../build/safety_node build --build-base /root/F1Tenth-Labs/lab2/lab2_ws/build/safety_node/build install --record /root/F1Tenth-Labs/lab2/lab2_ws/build/safety_node/install.log --install-scripts $base/lib/safety_node --single-version-externally-managed
[0.584s] running egg_info
[0.584s] writing ../../build/safety_node/safety_node.egg-info/PKG-INFO
[0.584s] writing dependency_links to ../../build/safety_node/safety_node.egg-info/dependency_links.txt
[0.585s] writing entry points to ../../build/safety_node/safety_node.egg-info/entry_points.txt
[0.585s] writing requirements to ../../build/safety_node/safety_node.egg-info/requires.txt
[0.585s] writing top-level names to ../../build/safety_node/safety_node.egg-info/top_level.txt
[0.616s] reading manifest file '../../build/safety_node/safety_node.egg-info/SOURCES.txt'
[0.617s] writing manifest file '../../build/safety_node/safety_node.egg-info/SOURCES.txt'
[0.617s] running build
[0.617s] running build_py
[0.618s] running install
[0.619s] running install_lib
[0.620s] running install_data
[0.621s] running install_egg_info
[0.622s] removing '/root/F1Tenth-Labs/lab2/lab2_ws/install/safety_node/lib/python3.8/site-packages/safety_node-0.0.0-py3.8.egg-info' (and everything under it)
[0.623s] Copying ../../build/safety_node/safety_node.egg-info to /root/F1Tenth-Labs/lab2/lab2_ws/install/safety_node/lib/python3.8/site-packages/safety_node-0.0.0-py3.8.egg-info
[0.626s] running install_scripts
[0.640s] Installing safety_node script to /root/F1Tenth-Labs/lab2/lab2_ws/install/safety_node/lib/safety_node
[0.641s] writing list of installed files to '/root/F1Tenth-Labs/lab2/lab2_ws/build/safety_node/install.log'
[0.658s] Invoked command in '/root/F1Tenth-Labs/lab2/lab2_ws/src/safety_node' returned '0': PYTHONPATH=/root/F1Tenth-Labs/lab2/lab2_ws/build/safety_node/prefix_override:/root/F1Tenth-Labs/lab2/lab2_ws/install/safety_node/lib/python3.8/site-packages:${PYTHONPATH} /usr/bin/python3 setup.py egg_info --egg-base ../../build/safety_node build --build-base /root/F1Tenth-Labs/lab2/lab2_ws/build/safety_node/build install --record /root/F1Tenth-Labs/lab2/lab2_ws/build/safety_node/install.log --install-scripts $base/lib/safety_node --single-version-externally-managed
