[0.272s] DEBUG:colcon:Command line arguments: ['/usr/bin/colcon', 'build']
[0.272s] DEBUG:colcon:Parsed command line arguments: Namespace(ament_cmake_args=None, base_paths=['.'], build_base='build', catkin_cmake_args=None, catkin_skip_building_tests=False, cmake_args=None, cmake_clean_cache=False, cmake_clean_first=False, cmake_force_configure=False, cmake_target=None, cmake_target_skip_unavailable=False, continue_on_error=False, event_handlers=None, executor='parallel', ignore_user_meta=False, install_base='install', log_base=None, log_level=None, main=<bound method BuildVerb.main of <colcon_core.verb.build.BuildVerb object at 0x7fc4fd6a4fd0>>, merge_install=False, metas=['./colcon.meta'], mixin=None, mixin_files=None, mixin_verb=('build',), packages_above=None, packages_above_and_dependencies=None, packages_above_depth=None, packages_end=None, packages_ignore=None, packages_ignore_regex=None, packages_select=None, packages_select_build_failed=False, packages_select_by_dep=None, packages_select_regex=None, packages_select_test_failures=False, packages_skip=None, packages_skip_build_finished=False, packages_skip_by_dep=None, packages_skip_regex=None, packages_skip_test_passed=False, packages_skip_up_to=None, packages_start=None, packages_up_to=None, packages_up_to_regex=None, parallel_workers=8, paths=None, symlink_install=False, test_result_base=None, verb_extension=<colcon_core.verb.build.BuildVerb object at 0x7fc4fd6a4fd0>, verb_name='build', verb_parser=<colcon_mixin.mixin.mixin_argument.MixinArgumentDecorator object at 0x7fc4fd62d520>)
[0.297s] Level 1:colcon.colcon_core.package_discovery:discover_packages(colcon_meta) check parameters
[0.298s] INFO:colcon.colcon_metadata.package_discovery.colcon_meta:Using configuration from '/root/.colcon/metadata/default/Gazebo.meta'
[0.299s] INFO:colcon.colcon_metadata.package_discovery.colcon_meta:Using configuration from '/root/.colcon/metadata/default/fastrtps.meta'
[0.299s] Level 1:colcon.colcon_core.package_discovery:discover_packages(recursive) check parameters
[0.299s] Level 1:colcon.colcon_core.package_discovery:discover_packages(ignore) check parameters
[0.299s] Level 1:colcon.colcon_core.package_discovery:discover_packages(path) check parameters
[0.299s] Level 1:colcon.colcon_core.package_discovery:discover_packages(colcon_meta) discover
[0.299s] Level 1:colcon.colcon_core.package_discovery:discover_packages(recursive) discover
[0.300s] INFO:colcon.colcon_core.package_discovery:Crawling recursively for packages in '/root/F1Tenth-Labs/lab3/lab3_ws'
[0.300s] Level 1:colcon.colcon_core.package_identification:_identify(.) by extensions ['ignore', 'ignore_ament_install']
[0.300s] Level 1:colcon.colcon_core.package_identification:_identify(.) by extension 'ignore'
[0.300s] Level 1:colcon.colcon_core.package_identification:_identify(.) by extension 'ignore_ament_install'
[0.300s] Level 1:colcon.colcon_core.package_identification:_identify(.) by extensions ['colcon_pkg']
[0.300s] Level 1:colcon.colcon_core.package_identification:_identify(.) by extension 'colcon_pkg'
[0.300s] Level 1:colcon.colcon_core.package_identification:_identify(.) by extensions ['colcon_meta']
[0.300s] Level 1:colcon.colcon_core.package_identification:_identify(.) by extension 'colcon_meta'
[0.301s] Level 1:colcon.colcon_core.package_identification:_identify(.) by extensions ['ros']
[0.301s] Level 1:colcon.colcon_core.package_identification:_identify(.) by extension 'ros'
[0.317s] Level 1:colcon.colcon_core.package_identification:_identify(.) by extensions ['cmake', 'python']
[0.317s] Level 1:colcon.colcon_core.package_identification:_identify(.) by extension 'cmake'
[0.318s] Level 1:colcon.colcon_core.package_identification:_identify(.) by extension 'python'
[0.318s] Level 1:colcon.colcon_core.package_identification:_identify(.) by extensions ['python_setup_py']
[0.318s] Level 1:colcon.colcon_core.package_identification:_identify(.) by extension 'python_setup_py'
[0.318s] Level 1:colcon.colcon_core.package_identification:_identify(build) by extensions ['ignore', 'ignore_ament_install']
[0.318s] Level 1:colcon.colcon_core.package_identification:_identify(build) by extension 'ignore'
[0.318s] Level 1:colcon.colcon_core.package_identification:_identify(build) ignored
[0.319s] Level 1:colcon.colcon_core.package_identification:_identify(install) by extensions ['ignore', 'ignore_ament_install']
[0.319s] Level 1:colcon.colcon_core.package_identification:_identify(install) by extension 'ignore'
[0.319s] Level 1:colcon.colcon_core.package_identification:_identify(install) ignored
[0.320s] Level 1:colcon.colcon_core.package_identification:_identify(log) by extensions ['ignore', 'ignore_ament_install']
[0.320s] Level 1:colcon.colcon_core.package_identification:_identify(log) by extension 'ignore'
[0.320s] Level 1:colcon.colcon_core.package_identification:_identify(log) ignored
[0.320s] Level 1:colcon.colcon_core.package_identification:_identify(src) by extensions ['ignore', 'ignore_ament_install']
[0.320s] Level 1:colcon.colcon_core.package_identification:_identify(src) by extension 'ignore'
[0.320s] Level 1:colcon.colcon_core.package_identification:_identify(src) by extension 'ignore_ament_install'
[0.320s] Level 1:colcon.colcon_core.package_identification:_identify(src) by extensions ['colcon_pkg']
[0.320s] Level 1:colcon.colcon_core.package_identification:_identify(src) by extension 'colcon_pkg'
[0.320s] Level 1:colcon.colcon_core.package_identification:_identify(src) by extensions ['colcon_meta']
[0.320s] Level 1:colcon.colcon_core.package_identification:_identify(src) by extension 'colcon_meta'
[0.320s] Level 1:colcon.colcon_core.package_identification:_identify(src) by extensions ['ros']
[0.320s] Level 1:colcon.colcon_core.package_identification:_identify(src) by extension 'ros'
[0.321s] Level 1:colcon.colcon_core.package_identification:_identify(src) by extensions ['cmake', 'python']
[0.321s] Level 1:colcon.colcon_core.package_identification:_identify(src) by extension 'cmake'
[0.321s] Level 1:colcon.colcon_core.package_identification:_identify(src) by extension 'python'
[0.321s] Level 1:colcon.colcon_core.package_identification:_identify(src) by extensions ['python_setup_py']
[0.321s] Level 1:colcon.colcon_core.package_identification:_identify(src) by extension 'python_setup_py'
[0.321s] Level 1:colcon.colcon_core.package_identification:_identify(src/wall_follow) by extensions ['ignore', 'ignore_ament_install']
[0.321s] Level 1:colcon.colcon_core.package_identification:_identify(src/wall_follow) by extension 'ignore'
[0.321s] Level 1:colcon.colcon_core.package_identification:_identify(src/wall_follow) by extension 'ignore_ament_install'
[0.321s] Level 1:colcon.colcon_core.package_identification:_identify(src/wall_follow) by extensions ['colcon_pkg']
[0.321s] Level 1:colcon.colcon_core.package_identification:_identify(src/wall_follow) by extension 'colcon_pkg'
[0.322s] Level 1:colcon.colcon_core.package_identification:_identify(src/wall_follow) by extensions ['colcon_meta']
[0.322s] Level 1:colcon.colcon_core.package_identification:_identify(src/wall_follow) by extension 'colcon_meta'
[0.322s] Level 1:colcon.colcon_core.package_identification:_identify(src/wall_follow) by extensions ['ros']
[0.322s] Level 1:colcon.colcon_core.package_identification:_identify(src/wall_follow) by extension 'ros'
[0.326s] DEBUG:colcon.colcon_core.package_identification:Package 'src/wall_follow' with type 'ros.ament_python' and name 'wall_follow'
[0.327s] Level 1:colcon.colcon_core.package_discovery:discover_packages(recursive) using defaults
[0.327s] Level 1:colcon.colcon_core.package_discovery:discover_packages(ignore) discover
[0.327s] Level 1:colcon.colcon_core.package_discovery:discover_packages(ignore) using defaults
[0.327s] Level 1:colcon.colcon_core.package_discovery:discover_packages(path) discover
[0.329s] Level 1:colcon.colcon_core.package_discovery:discover_packages(path) using defaults
[0.346s] Level 5:colcon.colcon_core.verb:set package 'wall_follow' build argument 'cmake_args' from command line to 'None'
[0.346s] Level 5:colcon.colcon_core.verb:set package 'wall_follow' build argument 'cmake_target' from command line to 'None'
[0.346s] Level 5:colcon.colcon_core.verb:set package 'wall_follow' build argument 'cmake_target_skip_unavailable' from command line to 'False'
[0.346s] Level 5:colcon.colcon_core.verb:set package 'wall_follow' build argument 'cmake_clean_cache' from command line to 'False'
[0.346s] Level 5:colcon.colcon_core.verb:set package 'wall_follow' build argument 'cmake_clean_first' from command line to 'False'
[0.346s] Level 5:colcon.colcon_core.verb:set package 'wall_follow' build argument 'cmake_force_configure' from command line to 'False'
[0.346s] Level 5:colcon.colcon_core.verb:set package 'wall_follow' build argument 'ament_cmake_args' from command line to 'None'
[0.346s] Level 5:colcon.colcon_core.verb:set package 'wall_follow' build argument 'catkin_cmake_args' from command line to 'None'
[0.346s] Level 5:colcon.colcon_core.verb:set package 'wall_follow' build argument 'catkin_skip_building_tests' from command line to 'False'
[0.347s] DEBUG:colcon.colcon_core.verb:Building package 'wall_follow' with the following arguments: {'ament_cmake_args': None, 'build_base': '/root/F1Tenth-Labs/lab3/lab3_ws/build/wall_follow', 'catkin_cmake_args': None, 'catkin_skip_building_tests': False, 'cmake_args': None, 'cmake_clean_cache': False, 'cmake_clean_first': False, 'cmake_force_configure': False, 'cmake_target': None, 'cmake_target_skip_unavailable': False, 'install_base': '/root/F1Tenth-Labs/lab3/lab3_ws/install/wall_follow', 'merge_install': False, 'path': '/root/F1Tenth-Labs/lab3/lab3_ws/src/wall_follow', 'symlink_install': False, 'test_result_base': None}
[0.347s] INFO:colcon.colcon_core.executor:Executing jobs using 'parallel' executor
[0.350s] DEBUG:colcon.colcon_parallel_executor.executor.parallel:run_until_complete
[0.350s] INFO:colcon.colcon_ros.task.ament_python.build:Building ROS package in '/root/F1Tenth-Labs/lab3/lab3_ws/src/wall_follow' with build type 'ament_python'
[0.350s] Level 1:colcon.colcon_core.shell:create_environment_hook('wall_follow', 'ament_prefix_path')
[0.355s] INFO:colcon.colcon_core.plugin_system:Skipping extension 'colcon_core.shell.bat': Not used on non-Windows systems
[0.355s] INFO:colcon.colcon_core.shell:Creating environment hook '/root/F1Tenth-Labs/lab3/lab3_ws/install/wall_follow/share/wall_follow/hook/ament_prefix_path.ps1'
[0.357s] INFO:colcon.colcon_core.shell:Creating environment descriptor '/root/F1Tenth-Labs/lab3/lab3_ws/install/wall_follow/share/wall_follow/hook/ament_prefix_path.dsv'
[0.359s] INFO:colcon.colcon_core.shell:Creating environment hook '/root/F1Tenth-Labs/lab3/lab3_ws/install/wall_follow/share/wall_follow/hook/ament_prefix_path.sh'
[0.364s] INFO:colcon.colcon_core.shell:Skip shell extension 'powershell' for command environment: Not usable outside of PowerShell
[0.364s] DEBUG:colcon.colcon_core.shell:Skip shell extension 'dsv' for command environment
[0.541s] INFO:colcon.colcon_core.task.python.build:Building Python package in '/root/F1Tenth-Labs/lab3/lab3_ws/src/wall_follow'
[0.542s] INFO:colcon.colcon_core.shell:Skip shell extension 'powershell' for command environment: Not usable outside of PowerShell
[0.543s] DEBUG:colcon.colcon_core.shell:Skip shell extension 'dsv' for command environment
[0.824s] DEBUG:colcon.colcon_core.event_handler.log_command:Invoking command in '/root/F1Tenth-Labs/lab3/lab3_ws/src/wall_follow': PYTHONPATH=/root/F1Tenth-Labs/lab3/lab3_ws/build/wall_follow/prefix_override:/root/F1Tenth-Labs/lab3/lab3_ws/install/wall_follow/lib/python3.8/site-packages:${PYTHONPATH} /usr/bin/python3 setup.py egg_info --egg-base ../../build/wall_follow build --build-base /root/F1Tenth-Labs/lab3/lab3_ws/build/wall_follow/build install --record /root/F1Tenth-Labs/lab3/lab3_ws/build/wall_follow/install.log --install-scripts $base/lib/wall_follow --single-version-externally-managed
[1.077s] DEBUG:colcon.colcon_core.event_handler.log_command:Invoked command in '/root/F1Tenth-Labs/lab3/lab3_ws/src/wall_follow' returned '0': PYTHONPATH=/root/F1Tenth-Labs/lab3/lab3_ws/build/wall_follow/prefix_override:/root/F1Tenth-Labs/lab3/lab3_ws/install/wall_follow/lib/python3.8/site-packages:${PYTHONPATH} /usr/bin/python3 setup.py egg_info --egg-base ../../build/wall_follow build --build-base /root/F1Tenth-Labs/lab3/lab3_ws/build/wall_follow/build install --record /root/F1Tenth-Labs/lab3/lab3_ws/build/wall_follow/install.log --install-scripts $base/lib/wall_follow --single-version-externally-managed
[1.080s] Level 1:colcon.colcon_core.environment:checking '/root/F1Tenth-Labs/lab3/lab3_ws/install/wall_follow' for CMake module files
[1.081s] Level 1:colcon.colcon_core.environment:checking '/root/F1Tenth-Labs/lab3/lab3_ws/install/wall_follow' for CMake config files
[1.083s] Level 1:colcon.colcon_core.environment:checking '/root/F1Tenth-Labs/lab3/lab3_ws/install/wall_follow/lib'
[1.084s] Level 1:colcon.colcon_core.environment:checking '/root/F1Tenth-Labs/lab3/lab3_ws/install/wall_follow/bin'
[1.084s] Level 1:colcon.colcon_core.environment:checking '/root/F1Tenth-Labs/lab3/lab3_ws/install/wall_follow/lib/pkgconfig/wall_follow.pc'
[1.084s] Level 1:colcon.colcon_core.environment:checking '/root/F1Tenth-Labs/lab3/lab3_ws/install/wall_follow/lib/python3.8/site-packages'
[1.084s] Level 1:colcon.colcon_core.shell:create_environment_hook('wall_follow', 'pythonpath')
[1.086s] INFO:colcon.colcon_core.shell:Creating environment hook '/root/F1Tenth-Labs/lab3/lab3_ws/install/wall_follow/share/wall_follow/hook/pythonpath.ps1'
[1.087s] INFO:colcon.colcon_core.shell:Creating environment descriptor '/root/F1Tenth-Labs/lab3/lab3_ws/install/wall_follow/share/wall_follow/hook/pythonpath.dsv'
[1.087s] INFO:colcon.colcon_core.shell:Creating environment hook '/root/F1Tenth-Labs/lab3/lab3_ws/install/wall_follow/share/wall_follow/hook/pythonpath.sh'
[1.088s] Level 1:colcon.colcon_core.environment:checking '/root/F1Tenth-Labs/lab3/lab3_ws/install/wall_follow/bin'
[1.088s] Level 1:colcon.colcon_core.environment:create_environment_scripts_only(wall_follow)
[1.089s] INFO:colcon.colcon_core.shell:Creating package script '/root/F1Tenth-Labs/lab3/lab3_ws/install/wall_follow/share/wall_follow/package.ps1'
[1.090s] INFO:colcon.colcon_core.shell:Creating package descriptor '/root/F1Tenth-Labs/lab3/lab3_ws/install/wall_follow/share/wall_follow/package.dsv'
[1.090s] INFO:colcon.colcon_core.shell:Creating package script '/root/F1Tenth-Labs/lab3/lab3_ws/install/wall_follow/share/wall_follow/package.sh'
[1.091s] INFO:colcon.colcon_core.shell:Creating package script '/root/F1Tenth-Labs/lab3/lab3_ws/install/wall_follow/share/wall_follow/package.bash'
[1.092s] INFO:colcon.colcon_core.shell:Creating package script '/root/F1Tenth-Labs/lab3/lab3_ws/install/wall_follow/share/wall_follow/package.zsh'
[1.093s] Level 1:colcon.colcon_core.environment:create_file_with_runtime_dependencies(/root/F1Tenth-Labs/lab3/lab3_ws/install/wall_follow/share/colcon-core/packages/wall_follow)
[1.093s] DEBUG:colcon.colcon_parallel_executor.executor.parallel:closing loop
[1.094s] DEBUG:colcon.colcon_parallel_executor.executor.parallel:loop closed
[1.094s] DEBUG:colcon.colcon_parallel_executor.executor.parallel:run_until_complete finished with '0'
[1.094s] DEBUG:colcon.colcon_core.event_reactor:joining thread
[1.100s] INFO:colcon.colcon_core.plugin_system:Skipping extension 'colcon_notification.desktop_notification.notify_send': Could not find 'notify-send'
[1.100s] INFO:colcon.colcon_core.plugin_system:Skipping extension 'colcon_notification.desktop_notification.terminal_notifier': Not used on non-Darwin systems
[1.101s] INFO:colcon.colcon_core.plugin_system:Skipping extension 'colcon_notification.desktop_notification.win32': Not used on non-Windows systems
[1.101s] INFO:colcon.colcon_notification.desktop_notification:Sending desktop notification using 'notify2'
[1.103s] DEBUG:colcon.colcon_notification.desktop_notification.notify2:Failed to initialize notify2: org.freedesktop.DBus.Error.Spawn.ExecFailed: /usr/bin/dbus-launch terminated abnormally without any error message
[1.103s] DEBUG:colcon.colcon_core.event_reactor:joined thread
[1.105s] INFO:colcon.colcon_core.shell:Creating prefix script '/root/F1Tenth-Labs/lab3/lab3_ws/install/local_setup.ps1'
[1.107s] INFO:colcon.colcon_core.shell:Creating prefix util module '/root/F1Tenth-Labs/lab3/lab3_ws/install/_local_setup_util_ps1.py'
[1.108s] INFO:colcon.colcon_core.shell:Creating prefix chain script '/root/F1Tenth-Labs/lab3/lab3_ws/install/setup.ps1'
[1.110s] INFO:colcon.colcon_core.shell:Creating prefix script '/root/F1Tenth-Labs/lab3/lab3_ws/install/local_setup.sh'
[1.110s] INFO:colcon.colcon_core.shell:Creating prefix util module '/root/F1Tenth-Labs/lab3/lab3_ws/install/_local_setup_util_sh.py'
[1.111s] INFO:colcon.colcon_core.shell:Creating prefix chain script '/root/F1Tenth-Labs/lab3/lab3_ws/install/setup.sh'
[1.112s] INFO:colcon.colcon_core.shell:Creating prefix script '/root/F1Tenth-Labs/lab3/lab3_ws/install/local_setup.bash'
[1.113s] INFO:colcon.colcon_core.shell:Creating prefix chain script '/root/F1Tenth-Labs/lab3/lab3_ws/install/setup.bash'
[1.114s] INFO:colcon.colcon_core.shell:Creating prefix script '/root/F1Tenth-Labs/lab3/lab3_ws/install/local_setup.zsh'
[1.115s] INFO:colcon.colcon_core.shell:Creating prefix chain script '/root/F1Tenth-Labs/lab3/lab3_ws/install/setup.zsh'
