[0.302s] Invoking command in '/home/luthov/F1Tenth/F1Tenth-Labs/lab6/lab6_ws/build/marker_node': CMAKE_PREFIX_PATH=/opt/ros/foxy /usr/bin/cmake /home/luthov/F1Tenth/F1Tenth-Labs/lab6/lab6_ws/src/marker_node -DCMAKE_INSTALL_PREFIX=/home/luthov/F1Tenth/F1Tenth-Labs/lab6/lab6_ws/install/marker_node
[0.537s] -- The C compiler identification is GNU 9.4.0
[0.575s] -- The CXX compiler identification is GNU 9.4.0
[0.581s] -- Check for working C compiler: /usr/bin/cc
[0.617s] -- Check for working C compiler: /usr/bin/cc -- works
[0.618s] -- Detecting C compiler ABI info
[0.653s] -- Detecting C compiler ABI info - done
[0.660s] -- Detecting C compile features
[0.660s] -- Detecting C compile features - done
[0.662s] -- Check for working CXX compiler: /usr/bin/c++
[0.702s] -- Check for working CXX compiler: /usr/bin/c++ -- works
[0.702s] -- Detecting CXX compiler ABI info
[0.743s] -- Detecting CXX compiler ABI info - done
[0.749s] -- Detecting CXX compile features
[0.749s] -- Detecting CXX compile features - done
[0.753s] -- Found ament_cmake: 0.9.12 (/opt/ros/foxy/share/ament_cmake/cmake)
[0.773s] -- Found PythonInterp: /usr/bin/python3 (found suitable version "3.8.10", minimum required is "3") 
[0.773s] -- Using PYTHON_EXECUTABLE: /usr/bin/python3
[0.880s] -- Found rclcpp: 2.4.3 (/opt/ros/foxy/share/rclcpp/cmake)
[0.921s] -- Using all available rosidl_typesupport_c: rosidl_typesupport_fastrtps_c;rosidl_typesupport_introspection_c
[0.927s] -- Found rosidl_adapter: 1.3.1 (/opt/ros/foxy/share/rosidl_adapter/cmake)
[0.976s] -- Found OpenSSL: /usr/lib/x86_64-linux-gnu/libcrypto.so (found version "1.1.1f")  
[0.992s] -- Found FastRTPS: /opt/ros/foxy/include  
[1.041s] -- Using all available rosidl_typesupport_cpp: rosidl_typesupport_fastrtps_cpp;rosidl_typesupport_introspection_cpp
[1.082s] -- Found rmw_implementation_cmake: 1.0.4 (/opt/ros/foxy/share/rmw_implementation_cmake/cmake)
[1.084s] -- Using RMW implementation 'rmw_fastrtps_cpp' as default
[1.085s] -- Looking for pthread.h
[1.158s] -- Looking for pthread.h - found
[1.158s] -- Performing Test CMAKE_HAVE_LIBC_PTHREAD
[1.233s] -- Performing Test CMAKE_HAVE_LIBC_PTHREAD - Failed
[1.233s] -- Looking for pthread_create in pthreads
[1.312s] -- Looking for pthread_create in pthreads - not found
[1.312s] -- Looking for pthread_create in pthread
[1.383s] -- Looking for pthread_create in pthread - found
[1.383s] -- Found Threads: TRUE  
[1.485s] -- Found visualization_msgs: 2.0.5 (/opt/ros/foxy/share/visualization_msgs/cmake)
[1.557s] -- Found ament_lint_auto: 0.9.8 (/opt/ros/foxy/share/ament_lint_auto/cmake)
[1.604s] -- Added test 'copyright' to check source files copyright and LICENSE
[1.605s] -- Added test 'cppcheck' to perform static code analysis on C / C++ code
[1.605s] -- Configured cppcheck include dirs: $<BUILD_INTERFACE:/home/luthov/F1Tenth/F1Tenth-Labs/lab6/lab6_ws/src/marker_node/include>
[1.605s] -- Configured cppcheck exclude dirs and/or files: 
[1.605s] -- Added test 'cpplint' to check C / C++ code against the Google style
[1.605s] -- Configured cpplint exclude dirs and/or files: 
[1.606s] -- Added test 'lint_cmake' to check CMake code style
[1.607s] -- Added test 'uncrustify' to check C / C++ code style
[1.607s] -- Configured uncrustify additional arguments: 
[1.607s] -- Added test 'xmllint' to check XML markup files
[1.609s] -- Configuring done
[1.613s] -- Generating done
[1.614s] -- Build files have been written to: /home/luthov/F1Tenth/F1Tenth-Labs/lab6/lab6_ws/build/marker_node
[1.618s] Invoked command in '/home/luthov/F1Tenth/F1Tenth-Labs/lab6/lab6_ws/build/marker_node' returned '0': CMAKE_PREFIX_PATH=/opt/ros/foxy /usr/bin/cmake /home/luthov/F1Tenth/F1Tenth-Labs/lab6/lab6_ws/src/marker_node -DCMAKE_INSTALL_PREFIX=/home/luthov/F1Tenth/F1Tenth-Labs/lab6/lab6_ws/install/marker_node
[1.620s] Invoking command in '/home/luthov/F1Tenth/F1Tenth-Labs/lab6/lab6_ws/build/marker_node': CMAKE_PREFIX_PATH=/opt/ros/foxy /usr/bin/cmake --build /home/luthov/F1Tenth/F1Tenth-Labs/lab6/lab6_ws/build/marker_node -- -j16 -l16
[1.641s] [35m[1mScanning dependencies of target marker_node[0m
[1.771s] [ 50%] [32mBuilding CXX object CMakeFiles/marker_node.dir/src/marker_node.cpp.o[0m
[3.383s] [100%] [32m[1mLinking CXX executable marker_node[0m
[3.521s] [100%] Built target marker_node
[3.527s] Invoked command in '/home/luthov/F1Tenth/F1Tenth-Labs/lab6/lab6_ws/build/marker_node' returned '0': CMAKE_PREFIX_PATH=/opt/ros/foxy /usr/bin/cmake --build /home/luthov/F1Tenth/F1Tenth-Labs/lab6/lab6_ws/build/marker_node -- -j16 -l16
[3.543s] Invoking command in '/home/luthov/F1Tenth/F1Tenth-Labs/lab6/lab6_ws/build/marker_node': CMAKE_PREFIX_PATH=/opt/ros/foxy /usr/bin/cmake --install /home/luthov/F1Tenth/F1Tenth-Labs/lab6/lab6_ws/build/marker_node
[3.547s] -- Install configuration: ""
[3.547s] -- Installing: /home/luthov/F1Tenth/F1Tenth-Labs/lab6/lab6_ws/install/marker_node/lib/marker_node/marker_node
[3.548s] -- Set runtime path of "/home/luthov/F1Tenth/F1Tenth-Labs/lab6/lab6_ws/install/marker_node/lib/marker_node/marker_node" to ""
[3.548s] -- Installing: /home/luthov/F1Tenth/F1Tenth-Labs/lab6/lab6_ws/install/marker_node/share/ament_index/resource_index/package_run_dependencies/marker_node
[3.548s] -- Installing: /home/luthov/F1Tenth/F1Tenth-Labs/lab6/lab6_ws/install/marker_node/share/ament_index/resource_index/parent_prefix_path/marker_node
[3.548s] -- Installing: /home/luthov/F1Tenth/F1Tenth-Labs/lab6/lab6_ws/install/marker_node/share/marker_node/environment/ament_prefix_path.sh
[3.548s] -- Installing: /home/luthov/F1Tenth/F1Tenth-Labs/lab6/lab6_ws/install/marker_node/share/marker_node/environment/ament_prefix_path.dsv
[3.548s] -- Installing: /home/luthov/F1Tenth/F1Tenth-Labs/lab6/lab6_ws/install/marker_node/share/marker_node/environment/path.sh
[3.548s] -- Installing: /home/luthov/F1Tenth/F1Tenth-Labs/lab6/lab6_ws/install/marker_node/share/marker_node/environment/path.dsv
[3.548s] -- Installing: /home/luthov/F1Tenth/F1Tenth-Labs/lab6/lab6_ws/install/marker_node/share/marker_node/local_setup.bash
[3.548s] -- Installing: /home/luthov/F1Tenth/F1Tenth-Labs/lab6/lab6_ws/install/marker_node/share/marker_node/local_setup.sh
[3.548s] -- Installing: /home/luthov/F1Tenth/F1Tenth-Labs/lab6/lab6_ws/install/marker_node/share/marker_node/local_setup.zsh
[3.548s] -- Installing: /home/luthov/F1Tenth/F1Tenth-Labs/lab6/lab6_ws/install/marker_node/share/marker_node/local_setup.dsv
[3.548s] -- Installing: /home/luthov/F1Tenth/F1Tenth-Labs/lab6/lab6_ws/install/marker_node/share/marker_node/package.dsv
[3.548s] -- Installing: /home/luthov/F1Tenth/F1Tenth-Labs/lab6/lab6_ws/install/marker_node/share/ament_index/resource_index/packages/marker_node
[3.548s] -- Installing: /home/luthov/F1Tenth/F1Tenth-Labs/lab6/lab6_ws/install/marker_node/share/marker_node/cmake/marker_nodeConfig.cmake
[3.548s] -- Installing: /home/luthov/F1Tenth/F1Tenth-Labs/lab6/lab6_ws/install/marker_node/share/marker_node/cmake/marker_nodeConfig-version.cmake
[3.548s] -- Installing: /home/luthov/F1Tenth/F1Tenth-Labs/lab6/lab6_ws/install/marker_node/share/marker_node/package.xml
[3.549s] Invoked command in '/home/luthov/F1Tenth/F1Tenth-Labs/lab6/lab6_ws/build/marker_node' returned '0': CMAKE_PREFIX_PATH=/opt/ros/foxy /usr/bin/cmake --install /home/luthov/F1Tenth/F1Tenth-Labs/lab6/lab6_ws/build/marker_node
