[0.405s] Invoking command in '/root/F1Tenth-Labs/lab2/lab2_ws/src/safety_node': PYTHONPATH=/root/F1Tenth-Labs/lab2/lab2_ws/build/safety_node/prefix_override:/root/F1Tenth-Labs/lab2/lab2_ws/install/safety_node/lib/python3.8/site-packages:${PYTHONPATH} /usr/bin/python3 setup.py egg_info --egg-base ../../build/safety_node build --build-base /root/F1Tenth-Labs/lab2/lab2_ws/build/safety_node/build install --record /root/F1Tenth-Labs/lab2/lab2_ws/build/safety_node/install.log --install-scripts $base/lib/safety_node --single-version-externally-managed
[0.537s] running egg_info
[0.537s] creating ../../build/safety_node/safety_node.egg-info
[0.537s] writing ../../build/safety_node/safety_node.egg-info/PKG-INFO
[0.538s] writing dependency_links to ../../build/safety_node/safety_node.egg-info/dependency_links.txt
[0.538s] writing entry points to ../../build/safety_node/safety_node.egg-info/entry_points.txt
[0.538s] writing requirements to ../../build/safety_node/safety_node.egg-info/requires.txt
[0.538s] writing top-level names to ../../build/safety_node/safety_node.egg-info/top_level.txt
[0.542s] writing manifest file '../../build/safety_node/safety_node.egg-info/SOURCES.txt'
[0.568s] reading manifest file '../../build/safety_node/safety_node.egg-info/SOURCES.txt'
[0.569s] writing manifest file '../../build/safety_node/safety_node.egg-info/SOURCES.txt'
[0.569s] running build
[0.569s] running build_py
[0.569s] creating /root/F1Tenth-Labs/lab2/lab2_ws/build/safety_node/build
[0.569s] creating /root/F1Tenth-Labs/lab2/lab2_ws/build/safety_node/build/lib
[0.570s] creating /root/F1Tenth-Labs/lab2/lab2_ws/build/safety_node/build/lib/safety_node
[0.570s] copying safety_node/__init__.py -> /root/F1Tenth-Labs/lab2/lab2_ws/build/safety_node/build/lib/safety_node
[0.570s] copying safety_node/safety_node.py -> /root/F1Tenth-Labs/lab2/lab2_ws/build/safety_node/build/lib/safety_node
[0.570s] running install
[0.571s] running install_lib
[0.572s] creating /root/F1Tenth-Labs/lab2/lab2_ws/install/safety_node/lib/python3.8/site-packages/safety_node
[0.572s] copying /root/F1Tenth-Labs/lab2/lab2_ws/build/safety_node/build/lib/safety_node/__init__.py -> /root/F1Tenth-Labs/lab2/lab2_ws/install/safety_node/lib/python3.8/site-packages/safety_node
[0.572s] copying /root/F1Tenth-Labs/lab2/lab2_ws/build/safety_node/build/lib/safety_node/safety_node.py -> /root/F1Tenth-Labs/lab2/lab2_ws/install/safety_node/lib/python3.8/site-packages/safety_node
[0.573s] byte-compiling /root/F1Tenth-Labs/lab2/lab2_ws/install/safety_node/lib/python3.8/site-packages/safety_node/__init__.py to __init__.cpython-38.pyc
[0.574s] byte-compiling /root/F1Tenth-Labs/lab2/lab2_ws/install/safety_node/lib/python3.8/site-packages/safety_node/safety_node.py to safety_node.cpython-38.pyc
[0.575s] running install_data
[0.575s] creating /root/F1Tenth-Labs/lab2/lab2_ws/install/safety_node/share/ament_index
[0.575s] creating /root/F1Tenth-Labs/lab2/lab2_ws/install/safety_node/share/ament_index/resource_index
[0.576s] creating /root/F1Tenth-Labs/lab2/lab2_ws/install/safety_node/share/ament_index/resource_index/packages
[0.576s] copying resource/safety_node -> /root/F1Tenth-Labs/lab2/lab2_ws/install/safety_node/share/ament_index/resource_index/packages
[0.576s] copying package.xml -> /root/F1Tenth-Labs/lab2/lab2_ws/install/safety_node/share/safety_node
[0.576s] running install_egg_info
[0.577s] Copying ../../build/safety_node/safety_node.egg-info to /root/F1Tenth-Labs/lab2/lab2_ws/install/safety_node/lib/python3.8/site-packages/safety_node-0.0.0-py3.8.egg-info
[0.580s] running install_scripts
[0.594s] Installing safety_node script to /root/F1Tenth-Labs/lab2/lab2_ws/install/safety_node/lib/safety_node
[0.594s] writing list of installed files to '/root/F1Tenth-Labs/lab2/lab2_ws/build/safety_node/install.log'
[0.617s] Invoked command in '/root/F1Tenth-Labs/lab2/lab2_ws/src/safety_node' returned '0': PYTHONPATH=/root/F1Tenth-Labs/lab2/lab2_ws/build/safety_node/prefix_override:/root/F1Tenth-Labs/lab2/lab2_ws/install/safety_node/lib/python3.8/site-packages:${PYTHONPATH} /usr/bin/python3 setup.py egg_info --egg-base ../../build/safety_node build --build-base /root/F1Tenth-Labs/lab2/lab2_ws/build/safety_node/build install --record /root/F1Tenth-Labs/lab2/lab2_ws/build/safety_node/install.log --install-scripts $base/lib/safety_node --single-version-externally-managed
