[0.368s] Invoking command in '/root/F1Tenth-Labs/lab3/lab3_ws/src/wall_follow': PYTHONPATH=/root/F1Tenth-Labs/lab3/lab3_ws/build/wall_follow/prefix_override:/root/F1Tenth-Labs/lab3/lab3_ws/install/wall_follow/lib/python3.8/site-packages:${PYTHONPATH} /usr/bin/python3 setup.py egg_info --egg-base ../../build/wall_follow build --build-base /root/F1Tenth-Labs/lab3/lab3_ws/build/wall_follow/build install --record /root/F1Tenth-Labs/lab3/lab3_ws/build/wall_follow/install.log --install-scripts $base/lib/wall_follow --single-version-externally-managed
[0.495s] running egg_info
[0.496s] writing ../../build/wall_follow/wall_follow.egg-info/PKG-INFO
[0.496s] writing dependency_links to ../../build/wall_follow/wall_follow.egg-info/dependency_links.txt
[0.496s] writing entry points to ../../build/wall_follow/wall_follow.egg-info/entry_points.txt
[0.496s] writing requirements to ../../build/wall_follow/wall_follow.egg-info/requires.txt
[0.496s] writing top-level names to ../../build/wall_follow/wall_follow.egg-info/top_level.txt
[0.521s] reading manifest file '../../build/wall_follow/wall_follow.egg-info/SOURCES.txt'
[0.522s] writing manifest file '../../build/wall_follow/wall_follow.egg-info/SOURCES.txt'
[0.522s] running build
[0.523s] running build_py
[0.523s] copying wall_follow/wall_follow.py -> /root/F1Tenth-Labs/lab3/lab3_ws/build/wall_follow/build/lib/wall_follow
[0.523s] running install
[0.524s] running install_lib
[0.525s] copying /root/F1Tenth-Labs/lab3/lab3_ws/build/wall_follow/build/lib/wall_follow/wall_follow.py -> /root/F1Tenth-Labs/lab3/lab3_ws/install/wall_follow/lib/python3.8/site-packages/wall_follow
[0.525s] byte-compiling /root/F1Tenth-Labs/lab3/lab3_ws/install/wall_follow/lib/python3.8/site-packages/wall_follow/wall_follow.py to wall_follow.cpython-38.pyc
[0.526s]   File "/root/F1Tenth-Labs/lab3/lab3_ws/install/wall_follow/lib/python3.8/site-packages/wall_follow/wall_follow.py", line 66
[0.526s]     if (self.prev_secs == 0.0) & (self.prev_nsecs == 0.0) & (self.prev_error_1 = 0.0):
[0.526s]                                                                                ^
[0.527s] SyntaxError: invalid syntax
[0.527s] 
[0.527s] running install_data
[0.527s] running install_egg_info
[0.528s] removing '/root/F1Tenth-Labs/lab3/lab3_ws/install/wall_follow/lib/python3.8/site-packages/wall_follow-0.0.0-py3.8.egg-info' (and everything under it)
[0.528s] Copying ../../build/wall_follow/wall_follow.egg-info to /root/F1Tenth-Labs/lab3/lab3_ws/install/wall_follow/lib/python3.8/site-packages/wall_follow-0.0.0-py3.8.egg-info
[0.531s] running install_scripts
[0.543s] Installing wall_follow script to /root/F1Tenth-Labs/lab3/lab3_ws/install/wall_follow/lib/wall_follow
[0.543s] writing list of installed files to '/root/F1Tenth-Labs/lab3/lab3_ws/build/wall_follow/install.log'
[0.560s] Invoked command in '/root/F1Tenth-Labs/lab3/lab3_ws/src/wall_follow' returned '0': PYTHONPATH=/root/F1Tenth-Labs/lab3/lab3_ws/build/wall_follow/prefix_override:/root/F1Tenth-Labs/lab3/lab3_ws/install/wall_follow/lib/python3.8/site-packages:${PYTHONPATH} /usr/bin/python3 setup.py egg_info --egg-base ../../build/wall_follow build --build-base /root/F1Tenth-Labs/lab3/lab3_ws/build/wall_follow/build install --record /root/F1Tenth-Labs/lab3/lab3_ws/build/wall_follow/install.log --install-scripts $base/lib/wall_follow --single-version-externally-managed
