[0.369s] Invoking command in '/root/F1Tenth-Labs/lab3/lab3_ws/src/wall_follow': PYTHONPATH=/root/F1Tenth-Labs/lab3/lab3_ws/build/wall_follow/prefix_override:/root/F1Tenth-Labs/lab3/lab3_ws/install/wall_follow/lib/python3.8/site-packages:${PYTHONPATH} /usr/bin/python3 setup.py egg_info --egg-base ../../build/wall_follow build --build-base /root/F1Tenth-Labs/lab3/lab3_ws/build/wall_follow/build install --record /root/F1Tenth-Labs/lab3/lab3_ws/build/wall_follow/install.log --install-scripts $base/lib/wall_follow --single-version-externally-managed
[0.482s] running egg_info
[0.482s] writing ../../build/wall_follow/wall_follow.egg-info/PKG-INFO
[0.483s] writing dependency_links to ../../build/wall_follow/wall_follow.egg-info/dependency_links.txt
[0.483s] writing entry points to ../../build/wall_follow/wall_follow.egg-info/entry_points.txt
[0.483s] writing requirements to ../../build/wall_follow/wall_follow.egg-info/requires.txt
[0.483s] writing top-level names to ../../build/wall_follow/wall_follow.egg-info/top_level.txt
[0.508s] reading manifest file '../../build/wall_follow/wall_follow.egg-info/SOURCES.txt'
[0.509s] writing manifest file '../../build/wall_follow/wall_follow.egg-info/SOURCES.txt'
[0.509s] running build
[0.509s] running build_py
[0.510s] copying wall_follow/wall_follow.py -> /root/F1Tenth-Labs/lab3/lab3_ws/build/wall_follow/build/lib/wall_follow
[0.510s] running install
[0.511s] running install_lib
[0.512s] copying /root/F1Tenth-Labs/lab3/lab3_ws/build/wall_follow/build/lib/wall_follow/wall_follow.py -> /root/F1Tenth-Labs/lab3/lab3_ws/install/wall_follow/lib/python3.8/site-packages/wall_follow
[0.512s] byte-compiling /root/F1Tenth-Labs/lab3/lab3_ws/install/wall_follow/lib/python3.8/site-packages/wall_follow/wall_follow.py to wall_follow.cpython-38.pyc
[0.514s] running install_data
[0.514s] running install_egg_info
[0.515s] removing '/root/F1Tenth-Labs/lab3/lab3_ws/install/wall_follow/lib/python3.8/site-packages/wall_follow-0.0.0-py3.8.egg-info' (and everything under it)
[0.515s] Copying ../../build/wall_follow/wall_follow.egg-info to /root/F1Tenth-Labs/lab3/lab3_ws/install/wall_follow/lib/python3.8/site-packages/wall_follow-0.0.0-py3.8.egg-info
[0.518s] running install_scripts
[0.530s] Installing wall_follow script to /root/F1Tenth-Labs/lab3/lab3_ws/install/wall_follow/lib/wall_follow
[0.531s] writing list of installed files to '/root/F1Tenth-Labs/lab3/lab3_ws/build/wall_follow/install.log'
[0.546s] Invoked command in '/root/F1Tenth-Labs/lab3/lab3_ws/src/wall_follow' returned '0': PYTHONPATH=/root/F1Tenth-Labs/lab3/lab3_ws/build/wall_follow/prefix_override:/root/F1Tenth-Labs/lab3/lab3_ws/install/wall_follow/lib/python3.8/site-packages:${PYTHONPATH} /usr/bin/python3 setup.py egg_info --egg-base ../../build/wall_follow build --build-base /root/F1Tenth-Labs/lab3/lab3_ws/build/wall_follow/build install --record /root/F1Tenth-Labs/lab3/lab3_ws/build/wall_follow/install.log --install-scripts $base/lib/wall_follow --single-version-externally-managed
