running egg_info
creating ../../build/gap_follow/gap_follow.egg-info
writing ../../build/gap_follow/gap_follow.egg-info/PKG-INFO
writing dependency_links to ../../build/gap_follow/gap_follow.egg-info/dependency_links.txt
writing entry points to ../../build/gap_follow/gap_follow.egg-info/entry_points.txt
writing requirements to ../../build/gap_follow/gap_follow.egg-info/requires.txt
writing top-level names to ../../build/gap_follow/gap_follow.egg-info/top_level.txt
writing manifest file '../../build/gap_follow/gap_follow.egg-info/SOURCES.txt'
reading manifest file '../../build/gap_follow/gap_follow.egg-info/SOURCES.txt'
writing manifest file '../../build/gap_follow/gap_follow.egg-info/SOURCES.txt'
running build
running build_py
creating /root/F1Tenth-Labs/lab4/lab4_ws/build/gap_follow/build
creating /root/F1Tenth-Labs/lab4/lab4_ws/build/gap_follow/build/lib
creating /root/F1Tenth-Labs/lab4/lab4_ws/build/gap_follow/build/lib/gap_follow
copying gap_follow/__init__.py -> /root/F1Tenth-Labs/lab4/lab4_ws/build/gap_follow/build/lib/gap_follow
running install
running install_lib
creating /root/F1Tenth-Labs/lab4/lab4_ws/install/gap_follow/lib/python3.8/site-packages/gap_follow
copying /root/F1Tenth-Labs/lab4/lab4_ws/build/gap_follow/build/lib/gap_follow/__init__.py -> /root/F1Tenth-Labs/lab4/lab4_ws/install/gap_follow/lib/python3.8/site-packages/gap_follow
byte-compiling /root/F1Tenth-Labs/lab4/lab4_ws/install/gap_follow/lib/python3.8/site-packages/gap_follow/__init__.py to __init__.cpython-38.pyc
running install_data
creating /root/F1Tenth-Labs/lab4/lab4_ws/install/gap_follow/share/ament_index
creating /root/F1Tenth-Labs/lab4/lab4_ws/install/gap_follow/share/ament_index/resource_index
creating /root/F1Tenth-Labs/lab4/lab4_ws/install/gap_follow/share/ament_index/resource_index/packages
copying resource/gap_follow -> /root/F1Tenth-Labs/lab4/lab4_ws/install/gap_follow/share/ament_index/resource_index/packages
copying package.xml -> /root/F1Tenth-Labs/lab4/lab4_ws/install/gap_follow/share/gap_follow
running install_egg_info
Copying ../../build/gap_follow/gap_follow.egg-info to /root/F1Tenth-Labs/lab4/lab4_ws/install/gap_follow/lib/python3.8/site-packages/gap_follow-0.0.0-py3.8.egg-info
running install_scripts
writing list of installed files to '/root/F1Tenth-Labs/lab4/lab4_ws/build/gap_follow/install.log'
