[0.012s] Invoking command in '/home/Labs/lab1_ws/build/lab1_pkg': CMAKE_PREFIX_PATH=${CMAKE_PREFIX_PATH}:/opt/ros/foxy /usr/bin/cmake --build /home/Labs/lab1_ws/build/lab1_pkg -- -j8 -l8
[0.035s] -- Found ament_cmake: 0.9.12 (/opt/ros/foxy/share/ament_cmake/cmake)
[0.047s] -- Using PYTHON_EXECUTABLE: /usr/bin/python3
[0.141s] -- Found rclcpp: 2.4.3 (/opt/ros/foxy/share/rclcpp/cmake)
[0.163s] -- Using all available rosidl_typesupport_c: rosidl_typesupport_fastrtps_c;rosidl_typesupport_introspection_c
[0.166s] -- Found rosidl_adapter: 1.3.1 (/opt/ros/foxy/share/rosidl_adapter/cmake)
[0.237s] -- Using all available rosidl_typesupport_cpp: rosidl_typesupport_fastrtps_cpp;rosidl_typesupport_introspection_cpp
[0.272s] -- Found rmw_implementation_cmake: 1.0.4 (/opt/ros/foxy/share/rmw_implementation_cmake/cmake)
[0.272s] -- Using RMW implementation 'rmw_fastrtps_cpp' as default
[0.372s] -- Found rclpy: 1.0.13 (/opt/ros/foxy/share/rclpy/cmake)
[0.372s] -- Found ackermann_msgs: 2.0.2 (/opt/ros/foxy/share/ackermann_msgs/cmake)
[0.396s] -- Found ament_lint_auto: 0.9.8 (/opt/ros/foxy/share/ament_lint_auto/cmake)
[0.442s] -- Added test 'copyright' to check source files copyright and LICENSE
[0.444s] -- Added test 'flake8' to check Python code syntax and style conventions
[0.444s] -- Added test 'lint_cmake' to check CMake code style
[0.444s] -- Added test 'pep257' to check Python code against some of the style conventions in PEP 257
[0.445s] -- Added test 'xmllint' to check XML markup files
[0.447s] -- Configuring done
[0.450s] -- Generating done
[0.451s] -- Build files have been written to: /home/Labs/lab1_ws/build/lab1_pkg
[0.470s] Invoked command in '/home/Labs/lab1_ws/build/lab1_pkg' returned '0': CMAKE_PREFIX_PATH=${CMAKE_PREFIX_PATH}:/opt/ros/foxy /usr/bin/cmake --build /home/Labs/lab1_ws/build/lab1_pkg -- -j8 -l8
[0.511s] Invoking command in '/home/Labs/lab1_ws/build/lab1_pkg': CMAKE_PREFIX_PATH=${CMAKE_PREFIX_PATH}:/opt/ros/foxy /usr/bin/cmake --install /home/Labs/lab1_ws/build/lab1_pkg
[0.520s] -- Install configuration: ""
[0.520s] -- Up-to-date: /home/Labs/lab1_ws/install/lab1_pkg/share/lab1_pkg/environment/pythonpath.sh
[0.520s] -- Installing: /home/Labs/lab1_ws/install/lab1_pkg/share/lab1_pkg/environment/pythonpath.dsv
[0.521s] -- Up-to-date: /home/Labs/lab1_ws/install/lab1_pkg/lib/python3.8/site-packages/lab1_pkg
[0.521s] -- Up-to-date: /home/Labs/lab1_ws/install/lab1_pkg/lib/python3.8/site-packages/lab1_pkg/module_to_import.py
[0.521s] -- Up-to-date: /home/Labs/lab1_ws/install/lab1_pkg/lib/python3.8/site-packages/lab1_pkg/__init__.py
[0.544s] Listing '/home/Labs/lab1_ws/install/lab1_pkg/lib/python3.8/site-packages/lab1_pkg'...
[0.546s] -- Installing: /home/Labs/lab1_ws/install/lab1_pkg/lib/lab1_pkg/talker.py
[0.547s] -- Up-to-date: /home/Labs/lab1_ws/install/lab1_pkg/lib/lab1_pkg/relay.py
[0.547s] -- Up-to-date: /home/Labs/lab1_ws/install/lab1_pkg/share/lab1_pkg/launch
[0.547s] -- Up-to-date: /home/Labs/lab1_ws/install/lab1_pkg/share/lab1_pkg/launch/lab1_launch.py
[0.547s] -- Installing: /home/Labs/lab1_ws/install/lab1_pkg/share/lab1_pkg/config
[0.547s] -- Installing: /home/Labs/lab1_ws/install/lab1_pkg/share/lab1_pkg/config/lab1_params.yaml
[0.547s] -- Up-to-date: /home/Labs/lab1_ws/install/lab1_pkg/share/ament_index/resource_index/package_run_dependencies/lab1_pkg
[0.547s] -- Installing: /home/Labs/lab1_ws/install/lab1_pkg/share/ament_index/resource_index/parent_prefix_path/lab1_pkg
[0.547s] -- Up-to-date: /home/Labs/lab1_ws/install/lab1_pkg/share/lab1_pkg/environment/ament_prefix_path.sh
[0.547s] -- Installing: /home/Labs/lab1_ws/install/lab1_pkg/share/lab1_pkg/environment/ament_prefix_path.dsv
[0.547s] -- Up-to-date: /home/Labs/lab1_ws/install/lab1_pkg/share/lab1_pkg/environment/path.sh
[0.548s] -- Installing: /home/Labs/lab1_ws/install/lab1_pkg/share/lab1_pkg/environment/path.dsv
[0.548s] -- Up-to-date: /home/Labs/lab1_ws/install/lab1_pkg/share/lab1_pkg/local_setup.bash
[0.548s] -- Up-to-date: /home/Labs/lab1_ws/install/lab1_pkg/share/lab1_pkg/local_setup.sh
[0.548s] -- Up-to-date: /home/Labs/lab1_ws/install/lab1_pkg/share/lab1_pkg/local_setup.zsh
[0.548s] -- Installing: /home/Labs/lab1_ws/install/lab1_pkg/share/lab1_pkg/local_setup.dsv
[0.548s] -- Installing: /home/Labs/lab1_ws/install/lab1_pkg/share/lab1_pkg/package.dsv
[0.548s] -- Up-to-date: /home/Labs/lab1_ws/install/lab1_pkg/share/ament_index/resource_index/packages/lab1_pkg
[0.548s] -- Up-to-date: /home/Labs/lab1_ws/install/lab1_pkg/share/lab1_pkg/cmake/lab1_pkgConfig.cmake
[0.548s] -- Up-to-date: /home/Labs/lab1_ws/install/lab1_pkg/share/lab1_pkg/cmake/lab1_pkgConfig-version.cmake
[0.548s] -- Up-to-date: /home/Labs/lab1_ws/install/lab1_pkg/share/lab1_pkg/package.xml
[0.551s] Invoked command in '/home/Labs/lab1_ws/build/lab1_pkg' returned '0': CMAKE_PREFIX_PATH=${CMAKE_PREFIX_PATH}:/opt/ros/foxy /usr/bin/cmake --install /home/Labs/lab1_ws/build/lab1_pkg
