[0.187s] DEBUG:colcon:Command line arguments: ['/usr/bin/colcon', 'build']
[0.187s] DEBUG:colcon:Parsed command line arguments: Namespace(ament_cmake_args=None, base_paths=['.'], build_base='build', catkin_cmake_args=None, catkin_skip_building_tests=False, cmake_args=None, cmake_clean_cache=False, cmake_clean_first=False, cmake_force_configure=False, cmake_target=None, cmake_target_skip_unavailable=False, continue_on_error=False, event_handlers=None, executor='parallel', ignore_user_meta=False, install_base='install', log_base=None, log_level=None, main=<bound method BuildVerb.main of <colcon_core.verb.build.BuildVerb object at 0x7ff123bba220>>, merge_install=False, metas=['./colcon.meta'], mixin=None, mixin_files=None, mixin_verb=('build',), packages_above=None, packages_above_and_dependencies=None, packages_above_depth=None, packages_end=None, packages_ignore=None, packages_ignore_regex=None, packages_select=None, packages_select_build_failed=False, packages_select_by_dep=None, packages_select_regex=None, packages_select_test_failures=False, packages_skip=None, packages_skip_build_finished=False, packages_skip_by_dep=None, packages_skip_regex=None, packages_skip_test_passed=False, packages_skip_up_to=None, packages_start=None, packages_up_to=None, packages_up_to_regex=None, parallel_workers=8, paths=None, symlink_install=False, test_result_base=None, verb_extension=<colcon_core.verb.build.BuildVerb object at 0x7ff123bba220>, verb_name='build', verb_parser=<colcon_mixin.mixin.mixin_argument.MixinArgumentDecorator object at 0x7ff123bba880>)
[0.206s] Level 1:colcon.colcon_core.package_discovery:discover_packages(colcon_meta) check parameters
[0.206s] INFO:colcon.colcon_metadata.package_discovery.colcon_meta:Using configuration from '/root/.colcon/metadata/default/Gazebo.meta'
[0.207s] INFO:colcon.colcon_metadata.package_discovery.colcon_meta:Using configuration from '/root/.colcon/metadata/default/fastrtps.meta'
[0.207s] Level 1:colcon.colcon_core.package_discovery:discover_packages(recursive) check parameters
[0.207s] Level 1:colcon.colcon_core.package_discovery:discover_packages(ignore) check parameters
[0.207s] Level 1:colcon.colcon_core.package_discovery:discover_packages(path) check parameters
[0.207s] Level 1:colcon.colcon_core.package_discovery:discover_packages(colcon_meta) discover
[0.207s] Level 1:colcon.colcon_core.package_discovery:discover_packages(recursive) discover
[0.207s] INFO:colcon.colcon_core.package_discovery:Crawling recursively for packages in '/home/Labs/lab1_ws'
[0.207s] Level 1:colcon.colcon_core.package_identification:_identify(.) by extensions ['ignore', 'ignore_ament_install']
[0.207s] Level 1:colcon.colcon_core.package_identification:_identify(.) by extension 'ignore'
[0.207s] Level 1:colcon.colcon_core.package_identification:_identify(.) by extension 'ignore_ament_install'
[0.207s] Level 1:colcon.colcon_core.package_identification:_identify(.) by extensions ['colcon_pkg']
[0.207s] Level 1:colcon.colcon_core.package_identification:_identify(.) by extension 'colcon_pkg'
[0.207s] Level 1:colcon.colcon_core.package_identification:_identify(.) by extensions ['colcon_meta']
[0.207s] Level 1:colcon.colcon_core.package_identification:_identify(.) by extension 'colcon_meta'
[0.207s] Level 1:colcon.colcon_core.package_identification:_identify(.) by extensions ['ros']
[0.207s] Level 1:colcon.colcon_core.package_identification:_identify(.) by extension 'ros'
[0.215s] Level 1:colcon.colcon_core.package_identification:_identify(.) by extensions ['cmake', 'python']
[0.215s] Level 1:colcon.colcon_core.package_identification:_identify(.) by extension 'cmake'
[0.215s] Level 1:colcon.colcon_core.package_identification:_identify(.) by extension 'python'
[0.215s] Level 1:colcon.colcon_core.package_identification:_identify(.) by extensions ['python_setup_py']
[0.215s] Level 1:colcon.colcon_core.package_identification:_identify(.) by extension 'python_setup_py'
[0.215s] Level 1:colcon.colcon_core.package_identification:_identify(build) by extensions ['ignore', 'ignore_ament_install']
[0.216s] Level 1:colcon.colcon_core.package_identification:_identify(build) by extension 'ignore'
[0.216s] Level 1:colcon.colcon_core.package_identification:_identify(build) ignored
[0.216s] Level 1:colcon.colcon_core.package_identification:_identify(install) by extensions ['ignore', 'ignore_ament_install']
[0.216s] Level 1:colcon.colcon_core.package_identification:_identify(install) by extension 'ignore'
[0.216s] Level 1:colcon.colcon_core.package_identification:_identify(install) ignored
[0.216s] Level 1:colcon.colcon_core.package_identification:_identify(log) by extensions ['ignore', 'ignore_ament_install']
[0.216s] Level 1:colcon.colcon_core.package_identification:_identify(log) by extension 'ignore'
[0.216s] Level 1:colcon.colcon_core.package_identification:_identify(log) ignored
[0.216s] Level 1:colcon.colcon_core.package_identification:_identify(src) by extensions ['ignore', 'ignore_ament_install']
[0.216s] Level 1:colcon.colcon_core.package_identification:_identify(src) by extension 'ignore'
[0.216s] Level 1:colcon.colcon_core.package_identification:_identify(src) by extension 'ignore_ament_install'
[0.216s] Level 1:colcon.colcon_core.package_identification:_identify(src) by extensions ['colcon_pkg']
[0.216s] Level 1:colcon.colcon_core.package_identification:_identify(src) by extension 'colcon_pkg'
[0.216s] Level 1:colcon.colcon_core.package_identification:_identify(src) by extensions ['colcon_meta']
[0.216s] Level 1:colcon.colcon_core.package_identification:_identify(src) by extension 'colcon_meta'
[0.216s] Level 1:colcon.colcon_core.package_identification:_identify(src) by extensions ['ros']
[0.216s] Level 1:colcon.colcon_core.package_identification:_identify(src) by extension 'ros'
[0.216s] Level 1:colcon.colcon_core.package_identification:_identify(src) by extensions ['cmake', 'python']
[0.216s] Level 1:colcon.colcon_core.package_identification:_identify(src) by extension 'cmake'
[0.216s] Level 1:colcon.colcon_core.package_identification:_identify(src) by extension 'python'
[0.216s] Level 1:colcon.colcon_core.package_identification:_identify(src) by extensions ['python_setup_py']
[0.217s] Level 1:colcon.colcon_core.package_identification:_identify(src) by extension 'python_setup_py'
[0.217s] Level 1:colcon.colcon_core.package_identification:_identify(src/lab1_pkg) by extensions ['ignore', 'ignore_ament_install']
[0.217s] Level 1:colcon.colcon_core.package_identification:_identify(src/lab1_pkg) by extension 'ignore'
[0.217s] Level 1:colcon.colcon_core.package_identification:_identify(src/lab1_pkg) by extension 'ignore_ament_install'
[0.217s] Level 1:colcon.colcon_core.package_identification:_identify(src/lab1_pkg) by extensions ['colcon_pkg']
[0.217s] Level 1:colcon.colcon_core.package_identification:_identify(src/lab1_pkg) by extension 'colcon_pkg'
[0.217s] Level 1:colcon.colcon_core.package_identification:_identify(src/lab1_pkg) by extensions ['colcon_meta']
[0.217s] Level 1:colcon.colcon_core.package_identification:_identify(src/lab1_pkg) by extension 'colcon_meta'
[0.217s] Level 1:colcon.colcon_core.package_identification:_identify(src/lab1_pkg) by extensions ['ros']
[0.217s] Level 1:colcon.colcon_core.package_identification:_identify(src/lab1_pkg) by extension 'ros'
[0.225s] DEBUG:colcon.colcon_core.package_identification:Package 'src/lab1_pkg' with type 'ros.ament_cmake' and name 'lab1_pkg'
[0.225s] Level 1:colcon.colcon_core.package_discovery:discover_packages(recursive) using defaults
[0.225s] Level 1:colcon.colcon_core.package_discovery:discover_packages(ignore) discover
[0.225s] Level 1:colcon.colcon_core.package_discovery:discover_packages(ignore) using defaults
[0.225s] Level 1:colcon.colcon_core.package_discovery:discover_packages(path) discover
[0.225s] Level 1:colcon.colcon_core.package_discovery:discover_packages(path) using defaults
[0.239s] Level 5:colcon.colcon_core.verb:set package 'lab1_pkg' build argument 'cmake_args' from command line to 'None'
[0.239s] Level 5:colcon.colcon_core.verb:set package 'lab1_pkg' build argument 'cmake_target' from command line to 'None'
[0.239s] Level 5:colcon.colcon_core.verb:set package 'lab1_pkg' build argument 'cmake_target_skip_unavailable' from command line to 'False'
[0.239s] Level 5:colcon.colcon_core.verb:set package 'lab1_pkg' build argument 'cmake_clean_cache' from command line to 'False'
[0.239s] Level 5:colcon.colcon_core.verb:set package 'lab1_pkg' build argument 'cmake_clean_first' from command line to 'False'
[0.239s] Level 5:colcon.colcon_core.verb:set package 'lab1_pkg' build argument 'cmake_force_configure' from command line to 'False'
[0.239s] Level 5:colcon.colcon_core.verb:set package 'lab1_pkg' build argument 'ament_cmake_args' from command line to 'None'
[0.239s] Level 5:colcon.colcon_core.verb:set package 'lab1_pkg' build argument 'catkin_cmake_args' from command line to 'None'
[0.239s] Level 5:colcon.colcon_core.verb:set package 'lab1_pkg' build argument 'catkin_skip_building_tests' from command line to 'False'
[0.240s] DEBUG:colcon.colcon_core.verb:Building package 'lab1_pkg' with the following arguments: {'ament_cmake_args': None, 'build_base': '/home/Labs/lab1_ws/build/lab1_pkg', 'catkin_cmake_args': None, 'catkin_skip_building_tests': False, 'cmake_args': None, 'cmake_clean_cache': False, 'cmake_clean_first': False, 'cmake_force_configure': False, 'cmake_target': None, 'cmake_target_skip_unavailable': False, 'install_base': '/home/Labs/lab1_ws/install/lab1_pkg', 'merge_install': False, 'path': '/home/Labs/lab1_ws/src/lab1_pkg', 'symlink_install': False, 'test_result_base': None}
[0.240s] INFO:colcon.colcon_core.executor:Executing jobs using 'parallel' executor
[0.242s] DEBUG:colcon.colcon_parallel_executor.executor.parallel:run_until_complete
[0.242s] INFO:colcon.colcon_ros.task.ament_cmake.build:Building ROS package in '/home/Labs/lab1_ws/src/lab1_pkg' with build type 'ament_cmake'
[0.243s] INFO:colcon.colcon_cmake.task.cmake.build:Building CMake package in '/home/Labs/lab1_ws/src/lab1_pkg'
[0.246s] INFO:colcon.colcon_core.plugin_system:Skipping extension 'colcon_core.shell.bat': Not used on non-Windows systems
[0.246s] INFO:colcon.colcon_core.shell:Skip shell extension 'powershell' for command environment: Not usable outside of PowerShell
[0.246s] DEBUG:colcon.colcon_core.shell:Skip shell extension 'dsv' for command environment
[0.257s] DEBUG:colcon.colcon_core.event_handler.log_command:Invoking command in '/home/Labs/lab1_ws/build/lab1_pkg': CMAKE_PREFIX_PATH=${CMAKE_PREFIX_PATH}:/opt/ros/foxy /usr/bin/cmake --build /home/Labs/lab1_ws/build/lab1_pkg -- -j8 -l8
[0.288s] DEBUG:colcon.colcon_core.event_handler.log_command:Invoked command in '/home/Labs/lab1_ws/build/lab1_pkg' returned '0': CMAKE_PREFIX_PATH=${CMAKE_PREFIX_PATH}:/opt/ros/foxy /usr/bin/cmake --build /home/Labs/lab1_ws/build/lab1_pkg -- -j8 -l8
[0.315s] DEBUG:colcon.colcon_core.event_handler.log_command:Invoking command in '/home/Labs/lab1_ws/build/lab1_pkg': CMAKE_PREFIX_PATH=${CMAKE_PREFIX_PATH}:/opt/ros/foxy /usr/bin/cmake --install /home/Labs/lab1_ws/build/lab1_pkg
[0.346s] Level 1:colcon.colcon_core.environment:create_environment_scripts_only(lab1_pkg)
[0.346s] DEBUG:colcon.colcon_core.event_handler.log_command:Invoked command in '/home/Labs/lab1_ws/build/lab1_pkg' returned '0': CMAKE_PREFIX_PATH=${CMAKE_PREFIX_PATH}:/opt/ros/foxy /usr/bin/cmake --install /home/Labs/lab1_ws/build/lab1_pkg
[0.350s] Level 1:colcon.colcon_core.environment:checking '/home/Labs/lab1_ws/install/lab1_pkg' for CMake module files
[0.351s] Level 1:colcon.colcon_core.environment:checking '/home/Labs/lab1_ws/install/lab1_pkg' for CMake config files
[0.351s] Level 1:colcon.colcon_core.shell:create_environment_hook('lab1_pkg', 'cmake_prefix_path')
[0.352s] INFO:colcon.colcon_core.shell:Creating environment hook '/home/Labs/lab1_ws/install/lab1_pkg/share/lab1_pkg/hook/cmake_prefix_path.ps1'
[0.352s] INFO:colcon.colcon_core.shell:Creating environment descriptor '/home/Labs/lab1_ws/install/lab1_pkg/share/lab1_pkg/hook/cmake_prefix_path.dsv'
[0.353s] INFO:colcon.colcon_core.shell:Creating environment hook '/home/Labs/lab1_ws/install/lab1_pkg/share/lab1_pkg/hook/cmake_prefix_path.sh'
[0.353s] Level 1:colcon.colcon_core.environment:checking '/home/Labs/lab1_ws/install/lab1_pkg/lib'
[0.353s] Level 1:colcon.colcon_core.environment:checking '/home/Labs/lab1_ws/install/lab1_pkg/bin'
[0.353s] Level 1:colcon.colcon_core.environment:checking '/home/Labs/lab1_ws/install/lab1_pkg/lib/pkgconfig/lab1_pkg.pc'
[0.354s] Level 1:colcon.colcon_core.environment:checking '/home/Labs/lab1_ws/install/lab1_pkg/lib/python3.8/site-packages'
[0.354s] Level 1:colcon.colcon_core.shell:create_environment_hook('lab1_pkg', 'pythonpath')
[0.355s] INFO:colcon.colcon_core.shell:Creating environment hook '/home/Labs/lab1_ws/install/lab1_pkg/share/lab1_pkg/hook/pythonpath.ps1'
[0.355s] INFO:colcon.colcon_core.shell:Creating environment descriptor '/home/Labs/lab1_ws/install/lab1_pkg/share/lab1_pkg/hook/pythonpath.dsv'
[0.355s] INFO:colcon.colcon_core.shell:Creating environment hook '/home/Labs/lab1_ws/install/lab1_pkg/share/lab1_pkg/hook/pythonpath.sh'
[0.356s] Level 1:colcon.colcon_core.environment:checking '/home/Labs/lab1_ws/install/lab1_pkg/bin'
[0.357s] INFO:colcon.colcon_core.shell:Creating package script '/home/Labs/lab1_ws/install/lab1_pkg/share/lab1_pkg/package.ps1'
[0.357s] INFO:colcon.colcon_core.shell:Creating package descriptor '/home/Labs/lab1_ws/install/lab1_pkg/share/lab1_pkg/package.dsv'
[0.358s] INFO:colcon.colcon_core.shell:Creating package script '/home/Labs/lab1_ws/install/lab1_pkg/share/lab1_pkg/package.sh'
[0.358s] INFO:colcon.colcon_core.shell:Creating package script '/home/Labs/lab1_ws/install/lab1_pkg/share/lab1_pkg/package.bash'
[0.359s] INFO:colcon.colcon_core.shell:Creating package script '/home/Labs/lab1_ws/install/lab1_pkg/share/lab1_pkg/package.zsh'
[0.360s] Level 1:colcon.colcon_core.environment:create_file_with_runtime_dependencies(/home/Labs/lab1_ws/install/lab1_pkg/share/colcon-core/packages/lab1_pkg)
[0.378s] Level 1:colcon.colcon_core.environment:create_environment_scripts_only(lab1_pkg)
[0.381s] Level 1:colcon.colcon_core.environment:checking '/home/Labs/lab1_ws/install/lab1_pkg' for CMake module files
[0.382s] Level 1:colcon.colcon_core.environment:checking '/home/Labs/lab1_ws/install/lab1_pkg' for CMake config files
[0.383s] Level 1:colcon.colcon_core.shell:create_environment_hook('lab1_pkg', 'cmake_prefix_path')
[0.385s] INFO:colcon.colcon_core.shell:Creating environment hook '/home/Labs/lab1_ws/install/lab1_pkg/share/lab1_pkg/hook/cmake_prefix_path.ps1'
[0.385s] INFO:colcon.colcon_core.shell:Creating environment descriptor '/home/Labs/lab1_ws/install/lab1_pkg/share/lab1_pkg/hook/cmake_prefix_path.dsv'
[0.386s] INFO:colcon.colcon_core.shell:Creating environment hook '/home/Labs/lab1_ws/install/lab1_pkg/share/lab1_pkg/hook/cmake_prefix_path.sh'
[0.386s] Level 1:colcon.colcon_core.environment:checking '/home/Labs/lab1_ws/install/lab1_pkg/lib'
[0.386s] Level 1:colcon.colcon_core.environment:checking '/home/Labs/lab1_ws/install/lab1_pkg/bin'
[0.386s] Level 1:colcon.colcon_core.environment:checking '/home/Labs/lab1_ws/install/lab1_pkg/lib/pkgconfig/lab1_pkg.pc'
[0.386s] Level 1:colcon.colcon_core.environment:checking '/home/Labs/lab1_ws/install/lab1_pkg/lib/python3.8/site-packages'
[0.387s] Level 1:colcon.colcon_core.shell:create_environment_hook('lab1_pkg', 'pythonpath')
[0.388s] INFO:colcon.colcon_core.shell:Creating environment hook '/home/Labs/lab1_ws/install/lab1_pkg/share/lab1_pkg/hook/pythonpath.ps1'
[0.388s] INFO:colcon.colcon_core.shell:Creating environment descriptor '/home/Labs/lab1_ws/install/lab1_pkg/share/lab1_pkg/hook/pythonpath.dsv'
[0.389s] INFO:colcon.colcon_core.shell:Creating environment hook '/home/Labs/lab1_ws/install/lab1_pkg/share/lab1_pkg/hook/pythonpath.sh'
[0.389s] Level 1:colcon.colcon_core.environment:checking '/home/Labs/lab1_ws/install/lab1_pkg/bin'
[0.390s] INFO:colcon.colcon_core.shell:Creating package script '/home/Labs/lab1_ws/install/lab1_pkg/share/lab1_pkg/package.ps1'
[0.390s] INFO:colcon.colcon_core.shell:Creating package descriptor '/home/Labs/lab1_ws/install/lab1_pkg/share/lab1_pkg/package.dsv'
[0.391s] INFO:colcon.colcon_core.shell:Creating package script '/home/Labs/lab1_ws/install/lab1_pkg/share/lab1_pkg/package.sh'
[0.391s] INFO:colcon.colcon_core.shell:Creating package script '/home/Labs/lab1_ws/install/lab1_pkg/share/lab1_pkg/package.bash'
[0.391s] INFO:colcon.colcon_core.shell:Creating package script '/home/Labs/lab1_ws/install/lab1_pkg/share/lab1_pkg/package.zsh'
[0.392s] Level 1:colcon.colcon_core.environment:create_file_with_runtime_dependencies(/home/Labs/lab1_ws/install/lab1_pkg/share/colcon-core/packages/lab1_pkg)
[0.392s] DEBUG:colcon.colcon_parallel_executor.executor.parallel:closing loop
[0.392s] DEBUG:colcon.colcon_parallel_executor.executor.parallel:loop closed
[0.392s] DEBUG:colcon.colcon_parallel_executor.executor.parallel:run_until_complete finished with '0'
[0.392s] DEBUG:colcon.colcon_core.event_reactor:joining thread
[0.398s] INFO:colcon.colcon_core.plugin_system:Skipping extension 'colcon_notification.desktop_notification.notify_send': Could not find 'notify-send'
[0.398s] INFO:colcon.colcon_core.plugin_system:Skipping extension 'colcon_notification.desktop_notification.terminal_notifier': Not used on non-Darwin systems
[0.398s] INFO:colcon.colcon_core.plugin_system:Skipping extension 'colcon_notification.desktop_notification.win32': Not used on non-Windows systems
[0.398s] INFO:colcon.colcon_notification.desktop_notification:Sending desktop notification using 'notify2'
[0.400s] DEBUG:colcon.colcon_notification.desktop_notification.notify2:Failed to initialize notify2: org.freedesktop.DBus.Error.Spawn.ExecFailed: /usr/bin/dbus-launch terminated abnormally without any error message
[0.400s] DEBUG:colcon.colcon_core.event_reactor:joined thread
[0.402s] INFO:colcon.colcon_core.shell:Creating prefix script '/home/Labs/lab1_ws/install/local_setup.ps1'
[0.402s] INFO:colcon.colcon_core.shell:Creating prefix util module '/home/Labs/lab1_ws/install/_local_setup_util_ps1.py'
[0.403s] INFO:colcon.colcon_core.shell:Creating prefix chain script '/home/Labs/lab1_ws/install/setup.ps1'
[0.404s] INFO:colcon.colcon_core.shell:Creating prefix script '/home/Labs/lab1_ws/install/local_setup.sh'
[0.404s] INFO:colcon.colcon_core.shell:Creating prefix util module '/home/Labs/lab1_ws/install/_local_setup_util_sh.py'
[0.405s] INFO:colcon.colcon_core.shell:Creating prefix chain script '/home/Labs/lab1_ws/install/setup.sh'
[0.406s] INFO:colcon.colcon_core.shell:Creating prefix script '/home/Labs/lab1_ws/install/local_setup.bash'
[0.406s] INFO:colcon.colcon_core.shell:Creating prefix chain script '/home/Labs/lab1_ws/install/setup.bash'
[0.407s] INFO:colcon.colcon_core.shell:Creating prefix script '/home/Labs/lab1_ws/install/local_setup.zsh'
[0.407s] INFO:colcon.colcon_core.shell:Creating prefix chain script '/home/Labs/lab1_ws/install/setup.zsh'
