[0.020s] Invoking command in '/home/Labs/lab1_ws/build/lab1_pkg': CMAKE_PREFIX_PATH=/opt/ros/foxy /usr/bin/cmake --build /home/Labs/lab1_ws/build/lab1_pkg -- -j8 -l8
[0.049s] -- Found ament_cmake: 0.9.12 (/opt/ros/foxy/share/ament_cmake/cmake)
[0.074s] -- Using PYTHON_EXECUTABLE: /usr/bin/python3
[0.186s] -- Found rclcpp: 2.4.3 (/opt/ros/foxy/share/rclcpp/cmake)
[0.214s] -- Using all available rosidl_typesupport_c: rosidl_typesupport_fastrtps_c;rosidl_typesupport_introspection_c
[0.216s] -- Found rosidl_adapter: 1.3.1 (/opt/ros/foxy/share/rosidl_adapter/cmake)
[0.284s] -- Using all available rosidl_typesupport_cpp: rosidl_typesupport_fastrtps_cpp;rosidl_typesupport_introspection_cpp
[0.318s] -- Found rmw_implementation_cmake: 1.0.4 (/opt/ros/foxy/share/rmw_implementation_cmake/cmake)
[0.319s] -- Using RMW implementation 'rmw_fastrtps_cpp' as default
[0.416s] -- Found rclpy: 1.0.13 (/opt/ros/foxy/share/rclpy/cmake)
[0.417s] -- Found ackermann_msgs: 2.0.2 (/opt/ros/foxy/share/ackermann_msgs/cmake)
[0.440s] -- Found ament_lint_auto: 0.9.8 (/opt/ros/foxy/share/ament_lint_auto/cmake)
[0.499s] -- Added test 'copyright' to check source files copyright and LICENSE
[0.500s] -- Added test 'flake8' to check Python code syntax and style conventions
[0.500s] -- Added test 'lint_cmake' to check CMake code style
[0.501s] -- Added test 'pep257' to check Python code against some of the style conventions in PEP 257
[0.501s] -- Added test 'xmllint' to check XML markup files
[0.504s] -- Configuring done
[0.506s] -- Generating done
[0.507s] -- Build files have been written to: /home/Labs/lab1_ws/build/lab1_pkg
[0.529s] Invoked command in '/home/Labs/lab1_ws/build/lab1_pkg' returned '0': CMAKE_PREFIX_PATH=/opt/ros/foxy /usr/bin/cmake --build /home/Labs/lab1_ws/build/lab1_pkg -- -j8 -l8
[0.557s] Invoking command in '/home/Labs/lab1_ws/build/lab1_pkg': CMAKE_PREFIX_PATH=/opt/ros/foxy /usr/bin/cmake --install /home/Labs/lab1_ws/build/lab1_pkg
[0.563s] -- Install configuration: ""
[0.563s] -- Up-to-date: /home/Labs/lab1_ws/install/lab1_pkg/share/lab1_pkg/environment/pythonpath.sh
[0.563s] -- Installing: /home/Labs/lab1_ws/install/lab1_pkg/share/lab1_pkg/environment/pythonpath.dsv
[0.564s] -- Up-to-date: /home/Labs/lab1_ws/install/lab1_pkg/lib/python3.8/site-packages/lab1_pkg
[0.564s] -- Up-to-date: /home/Labs/lab1_ws/install/lab1_pkg/lib/python3.8/site-packages/lab1_pkg/module_to_import.py
[0.564s] -- Up-to-date: /home/Labs/lab1_ws/install/lab1_pkg/lib/python3.8/site-packages/lab1_pkg/__init__.py
[0.582s] Listing '/home/Labs/lab1_ws/install/lab1_pkg/lib/python3.8/site-packages/lab1_pkg'...
[0.585s] -- Up-to-date: /home/Labs/lab1_ws/install/lab1_pkg/lib/lab1_pkg/talker.py
[0.585s] -- Up-to-date: /home/Labs/lab1_ws/install/lab1_pkg/lib/lab1_pkg/relay.py
[0.585s] -- Installing: /home/Labs/lab1_ws/install/lab1_pkg/share/lab1_pkg/launch
[0.585s] -- Installing: /home/Labs/lab1_ws/install/lab1_pkg/share/lab1_pkg/launch/lab1_launch.py
[0.585s] -- Up-to-date: /home/Labs/lab1_ws/install/lab1_pkg/share/ament_index/resource_index/package_run_dependencies/lab1_pkg
[0.585s] -- Up-to-date: /home/Labs/lab1_ws/install/lab1_pkg/share/ament_index/resource_index/parent_prefix_path/lab1_pkg
[0.586s] -- Up-to-date: /home/Labs/lab1_ws/install/lab1_pkg/share/lab1_pkg/environment/ament_prefix_path.sh
[0.586s] -- Installing: /home/Labs/lab1_ws/install/lab1_pkg/share/lab1_pkg/environment/ament_prefix_path.dsv
[0.586s] -- Up-to-date: /home/Labs/lab1_ws/install/lab1_pkg/share/lab1_pkg/environment/path.sh
[0.586s] -- Installing: /home/Labs/lab1_ws/install/lab1_pkg/share/lab1_pkg/environment/path.dsv
[0.586s] -- Up-to-date: /home/Labs/lab1_ws/install/lab1_pkg/share/lab1_pkg/local_setup.bash
[0.587s] -- Up-to-date: /home/Labs/lab1_ws/install/lab1_pkg/share/lab1_pkg/local_setup.sh
[0.587s] -- Up-to-date: /home/Labs/lab1_ws/install/lab1_pkg/share/lab1_pkg/local_setup.zsh
[0.587s] -- Installing: /home/Labs/lab1_ws/install/lab1_pkg/share/lab1_pkg/local_setup.dsv
[0.587s] -- Installing: /home/Labs/lab1_ws/install/lab1_pkg/share/lab1_pkg/package.dsv
[0.587s] -- Up-to-date: /home/Labs/lab1_ws/install/lab1_pkg/share/ament_index/resource_index/packages/lab1_pkg
[0.587s] -- Up-to-date: /home/Labs/lab1_ws/install/lab1_pkg/share/lab1_pkg/cmake/lab1_pkgConfig.cmake
[0.587s] -- Up-to-date: /home/Labs/lab1_ws/install/lab1_pkg/share/lab1_pkg/cmake/lab1_pkgConfig-version.cmake
[0.587s] -- Up-to-date: /home/Labs/lab1_ws/install/lab1_pkg/share/lab1_pkg/package.xml
[0.590s] Invoked command in '/home/Labs/lab1_ws/build/lab1_pkg' returned '0': CMAKE_PREFIX_PATH=/opt/ros/foxy /usr/bin/cmake --install /home/Labs/lab1_ws/build/lab1_pkg
