[2.340s] DEBUG:colcon:Command line arguments: ['/usr/bin/colcon', 'build']
[2.340s] DEBUG:colcon:Parsed command line arguments: Namespace(allow_overriding=[], ament_cmake_args=None, base_paths=['.'], build_base='build', catkin_cmake_args=None, catkin_skip_building_tests=False, cmake_args=None, cmake_clean_cache=False, cmake_clean_first=False, cmake_force_configure=False, cmake_target=None, cmake_target_skip_unavailable=False, continue_on_error=False, event_handlers=None, executor='parallel', ignore_user_meta=False, install_base='install', log_base=None, log_level=None, main=<bound method BuildVerb.main of <colcon_core.verb.build.BuildVerb object at 0x7fa1a66d59d0>>, merge_install=False, metas=['./colcon.meta'], packages_above=None, packages_above_and_dependencies=None, packages_above_depth=None, packages_end=None, packages_ignore=None, packages_ignore_regex=None, packages_select=None, packages_select_build_failed=False, packages_select_by_dep=None, packages_select_regex=None, packages_select_test_failures=False, packages_skip=None, packages_skip_build_finished=False, packages_skip_by_dep=None, packages_skip_regex=None, packages_skip_test_passed=False, packages_skip_up_to=None, packages_start=None, packages_up_to=None, packages_up_to_regex=None, parallel_workers=16, paths=None, symlink_install=False, test_result_base=None, verb_extension=<colcon_core.verb.build.BuildVerb object at 0x7fa1a66d59d0>, verb_name='build', verb_parser=<colcon_defaults.argument_parser.defaults.DefaultArgumentsDecorator object at 0x7fa1a63cbf70>)
[2.456s] Level 1:colcon.colcon_core.package_discovery:discover_packages(colcon_meta) check parameters
[2.456s] Level 1:colcon.colcon_core.package_discovery:discover_packages(recursive) check parameters
[2.456s] Level 1:colcon.colcon_core.package_discovery:discover_packages(ignore) check parameters
[2.456s] Level 1:colcon.colcon_core.package_discovery:discover_packages(path) check parameters
[2.456s] Level 1:colcon.colcon_core.package_discovery:discover_packages(colcon_meta) discover
[2.456s] Level 1:colcon.colcon_core.package_discovery:discover_packages(recursive) discover
[2.456s] INFO:colcon.colcon_core.package_discovery:Crawling recursively for packages in '/home/luthov/F1Tenth/F1Tenth-Labs/lab6/lab6_ws'
[2.456s] Level 1:colcon.colcon_core.package_identification:_identify(.) by extensions ['ignore', 'ignore_ament_install']
[2.456s] Level 1:colcon.colcon_core.package_identification:_identify(.) by extension 'ignore'
[2.456s] Level 1:colcon.colcon_core.package_identification:_identify(.) by extension 'ignore_ament_install'
[2.456s] Level 1:colcon.colcon_core.package_identification:_identify(.) by extensions ['colcon_pkg']
[2.456s] Level 1:colcon.colcon_core.package_identification:_identify(.) by extension 'colcon_pkg'
[2.456s] Level 1:colcon.colcon_core.package_identification:_identify(.) by extensions ['colcon_meta']
[2.456s] Level 1:colcon.colcon_core.package_identification:_identify(.) by extension 'colcon_meta'
[2.456s] Level 1:colcon.colcon_core.package_identification:_identify(.) by extensions ['ros']
[2.456s] Level 1:colcon.colcon_core.package_identification:_identify(.) by extension 'ros'
[2.463s] Level 1:colcon.colcon_core.package_identification:_identify(.) by extensions ['cmake', 'python']
[2.463s] Level 1:colcon.colcon_core.package_identification:_identify(.) by extension 'cmake'
[2.463s] Level 1:colcon.colcon_core.package_identification:_identify(.) by extension 'python'
[2.463s] Level 1:colcon.colcon_core.package_identification:_identify(.) by extensions ['python_setup_py']
[2.463s] Level 1:colcon.colcon_core.package_identification:_identify(.) by extension 'python_setup_py'
[2.463s] Level 1:colcon.colcon_core.package_identification:_identify(build) by extensions ['ignore', 'ignore_ament_install']
[2.463s] Level 1:colcon.colcon_core.package_identification:_identify(build) by extension 'ignore'
[2.463s] Level 1:colcon.colcon_core.package_identification:_identify(build) ignored
[2.463s] Level 1:colcon.colcon_core.package_identification:_identify(install) by extensions ['ignore', 'ignore_ament_install']
[2.463s] Level 1:colcon.colcon_core.package_identification:_identify(install) by extension 'ignore'
[2.463s] Level 1:colcon.colcon_core.package_identification:_identify(install) ignored
[2.463s] Level 1:colcon.colcon_core.package_identification:_identify(log) by extensions ['ignore', 'ignore_ament_install']
[2.463s] Level 1:colcon.colcon_core.package_identification:_identify(log) by extension 'ignore'
[2.463s] Level 1:colcon.colcon_core.package_identification:_identify(log) ignored
[2.463s] Level 1:colcon.colcon_core.package_identification:_identify(src) by extensions ['ignore', 'ignore_ament_install']
[2.463s] Level 1:colcon.colcon_core.package_identification:_identify(src) by extension 'ignore'
[2.463s] Level 1:colcon.colcon_core.package_identification:_identify(src) by extension 'ignore_ament_install'
[2.463s] Level 1:colcon.colcon_core.package_identification:_identify(src) by extensions ['colcon_pkg']
[2.463s] Level 1:colcon.colcon_core.package_identification:_identify(src) by extension 'colcon_pkg'
[2.463s] Level 1:colcon.colcon_core.package_identification:_identify(src) by extensions ['colcon_meta']
[2.463s] Level 1:colcon.colcon_core.package_identification:_identify(src) by extension 'colcon_meta'
[2.463s] Level 1:colcon.colcon_core.package_identification:_identify(src) by extensions ['ros']
[2.463s] Level 1:colcon.colcon_core.package_identification:_identify(src) by extension 'ros'
[2.463s] Level 1:colcon.colcon_core.package_identification:_identify(src) by extensions ['cmake', 'python']
[2.463s] Level 1:colcon.colcon_core.package_identification:_identify(src) by extension 'cmake'
[2.463s] Level 1:colcon.colcon_core.package_identification:_identify(src) by extension 'python'
[2.463s] Level 1:colcon.colcon_core.package_identification:_identify(src) by extensions ['python_setup_py']
[2.463s] Level 1:colcon.colcon_core.package_identification:_identify(src) by extension 'python_setup_py'
[2.463s] Level 1:colcon.colcon_core.package_identification:_identify(src/marker_node) by extensions ['ignore', 'ignore_ament_install']
[2.463s] Level 1:colcon.colcon_core.package_identification:_identify(src/marker_node) by extension 'ignore'
[2.463s] Level 1:colcon.colcon_core.package_identification:_identify(src/marker_node) by extension 'ignore_ament_install'
[2.464s] Level 1:colcon.colcon_core.package_identification:_identify(src/marker_node) by extensions ['colcon_pkg']
[2.464s] Level 1:colcon.colcon_core.package_identification:_identify(src/marker_node) by extension 'colcon_pkg'
[2.464s] Level 1:colcon.colcon_core.package_identification:_identify(src/marker_node) by extensions ['colcon_meta']
[2.464s] Level 1:colcon.colcon_core.package_identification:_identify(src/marker_node) by extension 'colcon_meta'
[2.464s] Level 1:colcon.colcon_core.package_identification:_identify(src/marker_node) by extensions ['ros']
[2.464s] Level 1:colcon.colcon_core.package_identification:_identify(src/marker_node) by extension 'ros'
[2.466s] DEBUG:colcon.colcon_core.package_identification:Package 'src/marker_node' with type 'ros.ament_cmake' and name 'marker_node'
[2.466s] Level 1:colcon.colcon_core.package_identification:_identify(src/waypoint_logger) by extensions ['ignore', 'ignore_ament_install']
[2.466s] Level 1:colcon.colcon_core.package_identification:_identify(src/waypoint_logger) by extension 'ignore'
[2.466s] Level 1:colcon.colcon_core.package_identification:_identify(src/waypoint_logger) by extension 'ignore_ament_install'
[2.466s] Level 1:colcon.colcon_core.package_identification:_identify(src/waypoint_logger) by extensions ['colcon_pkg']
[2.466s] Level 1:colcon.colcon_core.package_identification:_identify(src/waypoint_logger) by extension 'colcon_pkg'
[2.466s] Level 1:colcon.colcon_core.package_identification:_identify(src/waypoint_logger) by extensions ['colcon_meta']
[2.466s] Level 1:colcon.colcon_core.package_identification:_identify(src/waypoint_logger) by extension 'colcon_meta'
[2.466s] Level 1:colcon.colcon_core.package_identification:_identify(src/waypoint_logger) by extensions ['ros']
[2.466s] Level 1:colcon.colcon_core.package_identification:_identify(src/waypoint_logger) by extension 'ros'
[2.466s] DEBUG:colcon.colcon_core.package_identification:Package 'src/waypoint_logger' with type 'ros.ament_python' and name 'waypoint_logger'
[2.466s] Level 1:colcon.colcon_core.package_discovery:discover_packages(recursive) using defaults
[2.466s] Level 1:colcon.colcon_core.package_discovery:discover_packages(ignore) discover
[2.466s] Level 1:colcon.colcon_core.package_discovery:discover_packages(ignore) using defaults
[2.466s] Level 1:colcon.colcon_core.package_discovery:discover_packages(path) discover
[2.466s] Level 1:colcon.colcon_core.package_discovery:discover_packages(path) using defaults
[2.683s] Level 1:colcon.colcon_core.package_discovery:discover_packages(prefix_path) check parameters
[2.683s] Level 1:colcon.colcon_core.package_discovery:discover_packages(prefix_path) discover
[2.767s] DEBUG:colcon.colcon_installed_package_information.package_discovery:Found 265 installed packages in /opt/ros/foxy
[2.767s] Level 1:colcon.colcon_core.package_discovery:discover_packages(prefix_path) using defaults
[2.891s] Level 5:colcon.colcon_core.verb:set package 'marker_node' build argument 'cmake_args' from command line to 'None'
[2.891s] Level 5:colcon.colcon_core.verb:set package 'marker_node' build argument 'cmake_target' from command line to 'None'
[2.891s] Level 5:colcon.colcon_core.verb:set package 'marker_node' build argument 'cmake_target_skip_unavailable' from command line to 'False'
[2.891s] Level 5:colcon.colcon_core.verb:set package 'marker_node' build argument 'cmake_clean_cache' from command line to 'False'
[2.891s] Level 5:colcon.colcon_core.verb:set package 'marker_node' build argument 'cmake_clean_first' from command line to 'False'
[2.891s] Level 5:colcon.colcon_core.verb:set package 'marker_node' build argument 'cmake_force_configure' from command line to 'False'
[2.891s] Level 5:colcon.colcon_core.verb:set package 'marker_node' build argument 'ament_cmake_args' from command line to 'None'
[2.892s] Level 5:colcon.colcon_core.verb:set package 'marker_node' build argument 'catkin_cmake_args' from command line to 'None'
[2.892s] Level 5:colcon.colcon_core.verb:set package 'marker_node' build argument 'catkin_skip_building_tests' from command line to 'False'
[2.892s] DEBUG:colcon.colcon_core.verb:Building package 'marker_node' with the following arguments: {'ament_cmake_args': None, 'build_base': '/home/luthov/F1Tenth/F1Tenth-Labs/lab6/lab6_ws/build/marker_node', 'catkin_cmake_args': None, 'catkin_skip_building_tests': False, 'cmake_args': None, 'cmake_clean_cache': False, 'cmake_clean_first': False, 'cmake_force_configure': False, 'cmake_target': None, 'cmake_target_skip_unavailable': False, 'install_base': '/home/luthov/F1Tenth/F1Tenth-Labs/lab6/lab6_ws/install/marker_node', 'merge_install': False, 'path': '/home/luthov/F1Tenth/F1Tenth-Labs/lab6/lab6_ws/src/marker_node', 'symlink_install': False, 'test_result_base': None}
[2.938s] Level 5:colcon.colcon_core.verb:set package 'waypoint_logger' build argument 'cmake_args' from command line to 'None'
[2.938s] Level 5:colcon.colcon_core.verb:set package 'waypoint_logger' build argument 'cmake_target' from command line to 'None'
[2.938s] Level 5:colcon.colcon_core.verb:set package 'waypoint_logger' build argument 'cmake_target_skip_unavailable' from command line to 'False'
[2.938s] Level 5:colcon.colcon_core.verb:set package 'waypoint_logger' build argument 'cmake_clean_cache' from command line to 'False'
[2.938s] Level 5:colcon.colcon_core.verb:set package 'waypoint_logger' build argument 'cmake_clean_first' from command line to 'False'
[2.938s] Level 5:colcon.colcon_core.verb:set package 'waypoint_logger' build argument 'cmake_force_configure' from command line to 'False'
[2.938s] Level 5:colcon.colcon_core.verb:set package 'waypoint_logger' build argument 'ament_cmake_args' from command line to 'None'
[2.938s] Level 5:colcon.colcon_core.verb:set package 'waypoint_logger' build argument 'catkin_cmake_args' from command line to 'None'
[2.938s] Level 5:colcon.colcon_core.verb:set package 'waypoint_logger' build argument 'catkin_skip_building_tests' from command line to 'False'
[2.938s] DEBUG:colcon.colcon_core.verb:Building package 'waypoint_logger' with the following arguments: {'ament_cmake_args': None, 'build_base': '/home/luthov/F1Tenth/F1Tenth-Labs/lab6/lab6_ws/build/waypoint_logger', 'catkin_cmake_args': None, 'catkin_skip_building_tests': False, 'cmake_args': None, 'cmake_clean_cache': False, 'cmake_clean_first': False, 'cmake_force_configure': False, 'cmake_target': None, 'cmake_target_skip_unavailable': False, 'install_base': '/home/luthov/F1Tenth/F1Tenth-Labs/lab6/lab6_ws/install/waypoint_logger', 'merge_install': False, 'path': '/home/luthov/F1Tenth/F1Tenth-Labs/lab6/lab6_ws/src/waypoint_logger', 'symlink_install': False, 'test_result_base': None}
[2.978s] INFO:colcon.colcon_core.executor:Executing jobs using 'parallel' executor
[3.018s] DEBUG:colcon.colcon_parallel_executor.executor.parallel:run_until_complete
[3.019s] INFO:colcon.colcon_ros.task.ament_cmake.build:Building ROS package in '/home/luthov/F1Tenth/F1Tenth-Labs/lab6/lab6_ws/src/marker_node' with build type 'ament_cmake'
[3.019s] INFO:colcon.colcon_cmake.task.cmake.build:Building CMake package in '/home/luthov/F1Tenth/F1Tenth-Labs/lab6/lab6_ws/src/marker_node'
[3.064s] INFO:colcon.colcon_core.plugin_system:Skipping extension 'colcon_core.shell.bat': Not used on non-Windows systems
[3.064s] INFO:colcon.colcon_core.shell:Skip shell extension 'powershell' for command environment: Not usable outside of PowerShell
[3.064s] DEBUG:colcon.colcon_core.shell:Skip shell extension 'dsv' for command environment
[3.149s] INFO:colcon.colcon_ros.task.ament_python.build:Building ROS package in '/home/luthov/F1Tenth/F1Tenth-Labs/lab6/lab6_ws/src/waypoint_logger' with build type 'ament_python'
[3.149s] Level 1:colcon.colcon_core.shell:create_environment_hook('waypoint_logger', 'ament_prefix_path')
[3.192s] INFO:colcon.colcon_core.shell:Creating environment hook '/home/luthov/F1Tenth/F1Tenth-Labs/lab6/lab6_ws/install/waypoint_logger/share/waypoint_logger/hook/ament_prefix_path.ps1'
[3.192s] INFO:colcon.colcon_core.shell:Creating environment descriptor '/home/luthov/F1Tenth/F1Tenth-Labs/lab6/lab6_ws/install/waypoint_logger/share/waypoint_logger/hook/ament_prefix_path.dsv'
[3.193s] INFO:colcon.colcon_core.shell:Creating environment hook '/home/luthov/F1Tenth/F1Tenth-Labs/lab6/lab6_ws/install/waypoint_logger/share/waypoint_logger/hook/ament_prefix_path.sh'
[3.235s] INFO:colcon.colcon_core.shell:Skip shell extension 'powershell' for command environment: Not usable outside of PowerShell
[3.235s] DEBUG:colcon.colcon_core.shell:Skip shell extension 'dsv' for command environment
[3.321s] DEBUG:colcon.colcon_core.event_handler.log_command:Invoking command in '/home/luthov/F1Tenth/F1Tenth-Labs/lab6/lab6_ws/build/marker_node': CMAKE_PREFIX_PATH=/opt/ros/foxy /usr/bin/cmake /home/luthov/F1Tenth/F1Tenth-Labs/lab6/lab6_ws/src/marker_node -DCMAKE_INSTALL_PREFIX=/home/luthov/F1Tenth/F1Tenth-Labs/lab6/lab6_ws/install/marker_node
[3.425s] INFO:colcon.colcon_core.task.python.build:Building Python package in '/home/luthov/F1Tenth/F1Tenth-Labs/lab6/lab6_ws/src/waypoint_logger'
[3.468s] INFO:colcon.colcon_core.shell:Skip shell extension 'powershell' for command environment: Not usable outside of PowerShell
[3.468s] DEBUG:colcon.colcon_core.shell:Skip shell extension 'dsv' for command environment
[3.796s] DEBUG:colcon.colcon_core.event_handler.log_command:Invoking command in '/home/luthov/F1Tenth/F1Tenth-Labs/lab6/lab6_ws/src/waypoint_logger': PYTHONPATH=/home/luthov/F1Tenth/F1Tenth-Labs/lab6/lab6_ws/build/waypoint_logger/prefix_override:/home/luthov/F1Tenth/F1Tenth-Labs/lab6/lab6_ws/install/waypoint_logger/lib/python3.8/site-packages:${PYTHONPATH} /usr/bin/python3 setup.py egg_info --egg-base ../../build/waypoint_logger build --build-base /home/luthov/F1Tenth/F1Tenth-Labs/lab6/lab6_ws/build/waypoint_logger/build install --record /home/luthov/F1Tenth/F1Tenth-Labs/lab6/lab6_ws/build/waypoint_logger/install.log --install-scripts $base/lib/waypoint_logger --single-version-externally-managed
[3.933s] DEBUG:colcon.colcon_core.event_handler.log_command:Invoked command in '/home/luthov/F1Tenth/F1Tenth-Labs/lab6/lab6_ws/src/waypoint_logger' returned '0': PYTHONPATH=/home/luthov/F1Tenth/F1Tenth-Labs/lab6/lab6_ws/build/waypoint_logger/prefix_override:/home/luthov/F1Tenth/F1Tenth-Labs/lab6/lab6_ws/install/waypoint_logger/lib/python3.8/site-packages:${PYTHONPATH} /usr/bin/python3 setup.py egg_info --egg-base ../../build/waypoint_logger build --build-base /home/luthov/F1Tenth/F1Tenth-Labs/lab6/lab6_ws/build/waypoint_logger/build install --record /home/luthov/F1Tenth/F1Tenth-Labs/lab6/lab6_ws/build/waypoint_logger/install.log --install-scripts $base/lib/waypoint_logger --single-version-externally-managed
[3.980s] Level 1:colcon.colcon_core.environment:checking '/home/luthov/F1Tenth/F1Tenth-Labs/lab6/lab6_ws/install/waypoint_logger' for CMake module files
[3.980s] Level 1:colcon.colcon_core.environment:checking '/home/luthov/F1Tenth/F1Tenth-Labs/lab6/lab6_ws/install/waypoint_logger' for CMake config files
[3.980s] Level 1:colcon.colcon_core.environment:checking '/home/luthov/F1Tenth/F1Tenth-Labs/lab6/lab6_ws/install/waypoint_logger/lib'
[3.980s] Level 1:colcon.colcon_core.environment:checking '/home/luthov/F1Tenth/F1Tenth-Labs/lab6/lab6_ws/install/waypoint_logger/bin'
[3.980s] Level 1:colcon.colcon_core.environment:checking '/home/luthov/F1Tenth/F1Tenth-Labs/lab6/lab6_ws/install/waypoint_logger/lib/pkgconfig/waypoint_logger.pc'
[3.981s] Level 1:colcon.colcon_core.environment:checking '/home/luthov/F1Tenth/F1Tenth-Labs/lab6/lab6_ws/install/waypoint_logger/lib/python3.8/site-packages'
[3.981s] Level 1:colcon.colcon_core.shell:create_environment_hook('waypoint_logger', 'pythonpath')
[4.023s] INFO:colcon.colcon_core.shell:Creating environment hook '/home/luthov/F1Tenth/F1Tenth-Labs/lab6/lab6_ws/install/waypoint_logger/share/waypoint_logger/hook/pythonpath.ps1'
[4.023s] INFO:colcon.colcon_core.shell:Creating environment descriptor '/home/luthov/F1Tenth/F1Tenth-Labs/lab6/lab6_ws/install/waypoint_logger/share/waypoint_logger/hook/pythonpath.dsv'
[4.023s] INFO:colcon.colcon_core.shell:Creating environment hook '/home/luthov/F1Tenth/F1Tenth-Labs/lab6/lab6_ws/install/waypoint_logger/share/waypoint_logger/hook/pythonpath.sh'
[4.023s] Level 1:colcon.colcon_core.environment:checking '/home/luthov/F1Tenth/F1Tenth-Labs/lab6/lab6_ws/install/waypoint_logger/bin'
[4.023s] Level 1:colcon.colcon_core.environment:create_environment_scripts_only(waypoint_logger)
[4.065s] INFO:colcon.colcon_core.shell:Creating package script '/home/luthov/F1Tenth/F1Tenth-Labs/lab6/lab6_ws/install/waypoint_logger/share/waypoint_logger/package.ps1'
[4.066s] INFO:colcon.colcon_core.shell:Creating package descriptor '/home/luthov/F1Tenth/F1Tenth-Labs/lab6/lab6_ws/install/waypoint_logger/share/waypoint_logger/package.dsv'
[4.066s] INFO:colcon.colcon_core.shell:Creating package script '/home/luthov/F1Tenth/F1Tenth-Labs/lab6/lab6_ws/install/waypoint_logger/share/waypoint_logger/package.sh'
[4.067s] INFO:colcon.colcon_core.shell:Creating package script '/home/luthov/F1Tenth/F1Tenth-Labs/lab6/lab6_ws/install/waypoint_logger/share/waypoint_logger/package.bash'
[4.067s] INFO:colcon.colcon_core.shell:Creating package script '/home/luthov/F1Tenth/F1Tenth-Labs/lab6/lab6_ws/install/waypoint_logger/share/waypoint_logger/package.zsh'
[4.068s] Level 1:colcon.colcon_core.environment:create_file_with_runtime_dependencies(/home/luthov/F1Tenth/F1Tenth-Labs/lab6/lab6_ws/install/waypoint_logger/share/colcon-core/packages/waypoint_logger)
[4.637s] DEBUG:colcon.colcon_core.event_handler.log_command:Invoked command in '/home/luthov/F1Tenth/F1Tenth-Labs/lab6/lab6_ws/build/marker_node' returned '0': CMAKE_PREFIX_PATH=/opt/ros/foxy /usr/bin/cmake /home/luthov/F1Tenth/F1Tenth-Labs/lab6/lab6_ws/src/marker_node -DCMAKE_INSTALL_PREFIX=/home/luthov/F1Tenth/F1Tenth-Labs/lab6/lab6_ws/install/marker_node
[4.639s] DEBUG:colcon.colcon_core.event_handler.log_command:Invoking command in '/home/luthov/F1Tenth/F1Tenth-Labs/lab6/lab6_ws/build/marker_node': CMAKE_PREFIX_PATH=/opt/ros/foxy /usr/bin/cmake --build /home/luthov/F1Tenth/F1Tenth-Labs/lab6/lab6_ws/build/marker_node -- -j16 -l16
[6.545s] DEBUG:colcon.colcon_core.event_handler.log_command:Invoked command in '/home/luthov/F1Tenth/F1Tenth-Labs/lab6/lab6_ws/build/marker_node' returned '0': CMAKE_PREFIX_PATH=/opt/ros/foxy /usr/bin/cmake --build /home/luthov/F1Tenth/F1Tenth-Labs/lab6/lab6_ws/build/marker_node -- -j16 -l16
[6.562s] DEBUG:colcon.colcon_core.event_handler.log_command:Invoking command in '/home/luthov/F1Tenth/F1Tenth-Labs/lab6/lab6_ws/build/marker_node': CMAKE_PREFIX_PATH=/opt/ros/foxy /usr/bin/cmake --install /home/luthov/F1Tenth/F1Tenth-Labs/lab6/lab6_ws/build/marker_node
[6.568s] Level 1:colcon.colcon_core.environment:create_environment_scripts_only(marker_node)
[6.568s] DEBUG:colcon.colcon_core.event_handler.log_command:Invoked command in '/home/luthov/F1Tenth/F1Tenth-Labs/lab6/lab6_ws/build/marker_node' returned '0': CMAKE_PREFIX_PATH=/opt/ros/foxy /usr/bin/cmake --install /home/luthov/F1Tenth/F1Tenth-Labs/lab6/lab6_ws/build/marker_node
[6.611s] Level 1:colcon.colcon_core.environment:checking '/home/luthov/F1Tenth/F1Tenth-Labs/lab6/lab6_ws/install/marker_node' for CMake module files
[6.611s] Level 1:colcon.colcon_core.environment:checking '/home/luthov/F1Tenth/F1Tenth-Labs/lab6/lab6_ws/install/marker_node' for CMake config files
[6.611s] Level 1:colcon.colcon_core.shell:create_environment_hook('marker_node', 'cmake_prefix_path')
[6.653s] INFO:colcon.colcon_core.shell:Creating environment hook '/home/luthov/F1Tenth/F1Tenth-Labs/lab6/lab6_ws/install/marker_node/share/marker_node/hook/cmake_prefix_path.ps1'
[6.653s] INFO:colcon.colcon_core.shell:Creating environment descriptor '/home/luthov/F1Tenth/F1Tenth-Labs/lab6/lab6_ws/install/marker_node/share/marker_node/hook/cmake_prefix_path.dsv'
[6.654s] INFO:colcon.colcon_core.shell:Creating environment hook '/home/luthov/F1Tenth/F1Tenth-Labs/lab6/lab6_ws/install/marker_node/share/marker_node/hook/cmake_prefix_path.sh'
[6.654s] Level 1:colcon.colcon_core.environment:checking '/home/luthov/F1Tenth/F1Tenth-Labs/lab6/lab6_ws/install/marker_node/lib'
[6.654s] Level 1:colcon.colcon_core.environment:checking '/home/luthov/F1Tenth/F1Tenth-Labs/lab6/lab6_ws/install/marker_node/bin'
[6.654s] Level 1:colcon.colcon_core.environment:checking '/home/luthov/F1Tenth/F1Tenth-Labs/lab6/lab6_ws/install/marker_node/lib/pkgconfig/marker_node.pc'
[6.654s] Level 1:colcon.colcon_core.environment:checking '/home/luthov/F1Tenth/F1Tenth-Labs/lab6/lab6_ws/install/marker_node/lib/python3.8/site-packages'
[6.654s] Level 1:colcon.colcon_core.environment:checking '/home/luthov/F1Tenth/F1Tenth-Labs/lab6/lab6_ws/install/marker_node/bin'
[6.696s] INFO:colcon.colcon_core.shell:Creating package script '/home/luthov/F1Tenth/F1Tenth-Labs/lab6/lab6_ws/install/marker_node/share/marker_node/package.ps1'
[6.696s] INFO:colcon.colcon_core.shell:Creating package descriptor '/home/luthov/F1Tenth/F1Tenth-Labs/lab6/lab6_ws/install/marker_node/share/marker_node/package.dsv'
[6.696s] INFO:colcon.colcon_core.shell:Creating package script '/home/luthov/F1Tenth/F1Tenth-Labs/lab6/lab6_ws/install/marker_node/share/marker_node/package.sh'
[6.696s] INFO:colcon.colcon_core.shell:Creating package script '/home/luthov/F1Tenth/F1Tenth-Labs/lab6/lab6_ws/install/marker_node/share/marker_node/package.bash'
[6.696s] INFO:colcon.colcon_core.shell:Creating package script '/home/luthov/F1Tenth/F1Tenth-Labs/lab6/lab6_ws/install/marker_node/share/marker_node/package.zsh'
[6.697s] Level 1:colcon.colcon_core.environment:create_file_with_runtime_dependencies(/home/luthov/F1Tenth/F1Tenth-Labs/lab6/lab6_ws/install/marker_node/share/colcon-core/packages/marker_node)
[6.750s] Level 1:colcon.colcon_core.environment:create_environment_scripts_only(marker_node)
[6.792s] Level 1:colcon.colcon_core.environment:checking '/home/luthov/F1Tenth/F1Tenth-Labs/lab6/lab6_ws/install/marker_node' for CMake module files
[6.792s] Level 1:colcon.colcon_core.environment:checking '/home/luthov/F1Tenth/F1Tenth-Labs/lab6/lab6_ws/install/marker_node' for CMake config files
[6.792s] Level 1:colcon.colcon_core.shell:create_environment_hook('marker_node', 'cmake_prefix_path')
[6.834s] INFO:colcon.colcon_core.shell:Creating environment hook '/home/luthov/F1Tenth/F1Tenth-Labs/lab6/lab6_ws/install/marker_node/share/marker_node/hook/cmake_prefix_path.ps1'
[6.834s] INFO:colcon.colcon_core.shell:Creating environment descriptor '/home/luthov/F1Tenth/F1Tenth-Labs/lab6/lab6_ws/install/marker_node/share/marker_node/hook/cmake_prefix_path.dsv'
[6.834s] INFO:colcon.colcon_core.shell:Creating environment hook '/home/luthov/F1Tenth/F1Tenth-Labs/lab6/lab6_ws/install/marker_node/share/marker_node/hook/cmake_prefix_path.sh'
[6.835s] Level 1:colcon.colcon_core.environment:checking '/home/luthov/F1Tenth/F1Tenth-Labs/lab6/lab6_ws/install/marker_node/lib'
[6.835s] Level 1:colcon.colcon_core.environment:checking '/home/luthov/F1Tenth/F1Tenth-Labs/lab6/lab6_ws/install/marker_node/bin'
[6.835s] Level 1:colcon.colcon_core.environment:checking '/home/luthov/F1Tenth/F1Tenth-Labs/lab6/lab6_ws/install/marker_node/lib/pkgconfig/marker_node.pc'
[6.835s] Level 1:colcon.colcon_core.environment:checking '/home/luthov/F1Tenth/F1Tenth-Labs/lab6/lab6_ws/install/marker_node/lib/python3.8/site-packages'
[6.835s] Level 1:colcon.colcon_core.environment:checking '/home/luthov/F1Tenth/F1Tenth-Labs/lab6/lab6_ws/install/marker_node/bin'
[6.877s] INFO:colcon.colcon_core.shell:Creating package script '/home/luthov/F1Tenth/F1Tenth-Labs/lab6/lab6_ws/install/marker_node/share/marker_node/package.ps1'
[6.877s] INFO:colcon.colcon_core.shell:Creating package descriptor '/home/luthov/F1Tenth/F1Tenth-Labs/lab6/lab6_ws/install/marker_node/share/marker_node/package.dsv'
[6.877s] INFO:colcon.colcon_core.shell:Creating package script '/home/luthov/F1Tenth/F1Tenth-Labs/lab6/lab6_ws/install/marker_node/share/marker_node/package.sh'
[6.878s] INFO:colcon.colcon_core.shell:Creating package script '/home/luthov/F1Tenth/F1Tenth-Labs/lab6/lab6_ws/install/marker_node/share/marker_node/package.bash'
[6.878s] INFO:colcon.colcon_core.shell:Creating package script '/home/luthov/F1Tenth/F1Tenth-Labs/lab6/lab6_ws/install/marker_node/share/marker_node/package.zsh'
[6.878s] Level 1:colcon.colcon_core.environment:create_file_with_runtime_dependencies(/home/luthov/F1Tenth/F1Tenth-Labs/lab6/lab6_ws/install/marker_node/share/colcon-core/packages/marker_node)
[6.878s] DEBUG:colcon.colcon_parallel_executor.executor.parallel:closing loop
[6.878s] DEBUG:colcon.colcon_parallel_executor.executor.parallel:loop closed
[6.878s] DEBUG:colcon.colcon_parallel_executor.executor.parallel:run_until_complete finished with '0'
[6.878s] DEBUG:colcon.colcon_core.event_reactor:joining thread
[6.924s] INFO:colcon.colcon_core.plugin_system:Skipping extension 'colcon_notification.desktop_notification.terminal_notifier': Not used on non-Darwin systems
[6.924s] INFO:colcon.colcon_core.plugin_system:Skipping extension 'colcon_notification.desktop_notification.win32': Not used on non-Windows systems
[6.924s] INFO:colcon.colcon_notification.desktop_notification:Sending desktop notification using 'notify2'
[6.934s] DEBUG:colcon.colcon_core.event_reactor:joined thread
[6.977s] INFO:colcon.colcon_core.shell:Creating prefix script '/home/luthov/F1Tenth/F1Tenth-Labs/lab6/lab6_ws/install/local_setup.ps1'
[6.978s] INFO:colcon.colcon_core.shell:Creating prefix util module '/home/luthov/F1Tenth/F1Tenth-Labs/lab6/lab6_ws/install/_local_setup_util_ps1.py'
[6.979s] INFO:colcon.colcon_core.shell:Creating prefix chain script '/home/luthov/F1Tenth/F1Tenth-Labs/lab6/lab6_ws/install/setup.ps1'
[7.020s] INFO:colcon.colcon_core.shell:Creating prefix script '/home/luthov/F1Tenth/F1Tenth-Labs/lab6/lab6_ws/install/local_setup.sh'
[7.021s] INFO:colcon.colcon_core.shell:Creating prefix util module '/home/luthov/F1Tenth/F1Tenth-Labs/lab6/lab6_ws/install/_local_setup_util_sh.py'
[7.021s] INFO:colcon.colcon_core.shell:Creating prefix chain script '/home/luthov/F1Tenth/F1Tenth-Labs/lab6/lab6_ws/install/setup.sh'
[7.062s] INFO:colcon.colcon_core.shell:Creating prefix script '/home/luthov/F1Tenth/F1Tenth-Labs/lab6/lab6_ws/install/local_setup.bash'
[7.063s] INFO:colcon.colcon_core.shell:Creating prefix chain script '/home/luthov/F1Tenth/F1Tenth-Labs/lab6/lab6_ws/install/setup.bash'
[7.105s] INFO:colcon.colcon_core.shell:Creating prefix script '/home/luthov/F1Tenth/F1Tenth-Labs/lab6/lab6_ws/install/local_setup.zsh'
[7.106s] INFO:colcon.colcon_core.shell:Creating prefix chain script '/home/luthov/F1Tenth/F1Tenth-Labs/lab6/lab6_ws/install/setup.zsh'
